{"numFailedTestSuites":1,"numFailedTests":0,"numPassedTestSuites":0,"numPassedTests":0,"numPendingTestSuites":0,"numPendingTests":0,"numRuntimeErrorTestSuites":1,"numTodoTests":0,"numTotalTestSuites":1,"numTotalTests":0,"openHandles":[],"snapshot":{"added":0,"didUpdate":false,"failure":false,"filesAdded":0,"filesRemoved":0,"filesRemovedList":[],"filesUnmatched":0,"filesUpdated":0,"matched":0,"total":0,"unchecked":0,"uncheckedKeysByFile":[],"unmatched":0,"updated":0},"startTime":1751384812406,"success":false,"testResults":[{"assertionResults":[],"coverage":{},"endTime":1751384857792,"message":"  \u001b[1m● \u001b[22mTest suite failed to run\n\n    ReferenceError: module is not defined\n\n    \u001b[0m \u001b[90m 2 |\u001b[39m\n     \u001b[90m 3 |\u001b[39m \u001b[90m/** @type {import('@babel/core').ConfigFunction} */\u001b[39m\n    \u001b[31m\u001b[1m>\u001b[22m\u001b[39m\u001b[90m 4 |\u001b[39m module\u001b[33m.\u001b[39mexports \u001b[33m=\u001b[39m \u001b[36mfunction\u001b[39m (api) {\n     \u001b[90m   |\u001b[39m \u001b[31m\u001b[1m^\u001b[22m\u001b[39m\n     \u001b[90m 5 |\u001b[39m   \u001b[36mconst\u001b[39m isTest \u001b[33m=\u001b[39m api\u001b[33m.\u001b[39menv(\u001b[32m'test'\u001b[39m)\u001b[33m;\u001b[39m\n     \u001b[90m 6 |\u001b[39m   \n     \u001b[90m 7 |\u001b[39m   \u001b[36mreturn\u001b[39m {\u001b[0m\n\n      \u001b[2mat \u001b[22mfile:/C:/Users/Gustavo/Downloads/aprovaJa-main/frontend/babel.config.js\u001b[2m:4:1\u001b[22m\n      \u001b[2mat loadPartialConfigSync (\u001b[22mnode_modules/@babel/core/src/config/index.ts\u001b[2m:50:60)\u001b[22m\n      \u001b[2mat loadPartialConfigSync (\u001b[22mnode_modules/@babel/core/src/config/index.ts\u001b[2m:69:14)\u001b[22m\n      \u001b[2mat ScriptTransformer._getCacheKey (\u001b[22mnode_modules/@jest/transform/build/index.js\u001b[2m:195:41)\u001b[22m\n      \u001b[2mat ScriptTransformer._getFileCachePath (\u001b[22mnode_modules/@jest/transform/build/index.js\u001b[2m:231:27)\u001b[22m\n      \u001b[2mat ScriptTransformer.transformSource (\u001b[22mnode_modules/@jest/transform/build/index.js\u001b[2m:402:32)\u001b[22m\n      \u001b[2mat ScriptTransformer._transformAndBuildScript (\u001b[22mnode_modules/@jest/transform/build/index.js\u001b[2m:519:40)\u001b[22m\n      \u001b[2mat ScriptTransformer.transform (\u001b[22mnode_modules/@jest/transform/build/index.js\u001b[2m:558:19)\u001b[22m\n","name":"C:\\Users\\Gustavo\\Downloads\\aprovaJa-main\\frontend\\__tests__\\debug.test.js","startTime":1751384857792,"status":"failed","summary":""}],"wasInterrupted":false,"coverageMap":{"C:\\Users\\Gustavo\\Downloads\\aprovaJa-main\\frontend\\tailwind.config.ts":{"path":"C:\\Users\\Gustavo\\Downloads\\aprovaJa-main\\frontend\\tailwind.config.ts","statementMap":{"0":{"start":{"line":2,"column":0},"end":{"line":2,"column":53}},"1":{"start":{"line":4,"column":23},"end":{"line":119,"column":2}},"2":{"start":{"line":120,"column":0},"end":{"line":120,"column":22}}},"fnMap":{},"branchMap":{},"s":{"0":0,"1":0,"2":0},"f":{},"b":{}},"C:\\Users\\Gustavo\\Downloads\\aprovaJa-main\\frontend\\actions\\auth-logic.ts":{"path":"C:\\Users\\Gustavo\\Downloads\\aprovaJa-main\\frontend\\actions\\auth-logic.ts","statementMap":{"0":{"start":{"line":5,"column":0},"end":{"line":5,"column":22}},"1":{"start":{"line":10,"column":10},"end":{"line":10,"column":50}},"2":{"start":{"line":12,"column":26},"end":{"line":15,"column":null}},"3":{"start":{"line":12,"column":8},"end":{"line":12,"column":26}},"4":{"start":{"line":17,"column":2},"end":{"line":19,"column":3}},"5":{"start":{"line":18,"column":4},"end":{"line":18,"column":36}},"6":{"start":{"line":21,"column":6},"end":{"line":21,"column":10}},"7":{"start":{"line":22,"column":4},"end":{"line":28,"column":30}},"8":{"start":{"line":30,"column":4},"end":{"line":30,"column":45}},"9":{"start":{"line":33,"column":2},"end":{"line":33,"column":27}}},"fnMap":{"0":{"name":"signInLogic","decl":{"start":{"line":5,"column":22},"end":{"line":5,"column":33}},"loc":{"start":{"line":9,"column":1},"end":{"line":34,"column":null}}}},"branchMap":{"0":{"loc":{"start":{"line":33,"column":2},"end":{"line":33,"column":27}},"type":"switch","locations":[{"start":{"line":33,"column":2},"end":{"line":33,"column":27}}]},"1":{"loc":{"start":{"line":17,"column":2},"end":{"line":19,"column":3}},"type":"if","locations":[{"start":{"line":17,"column":2},"end":{"line":19,"column":3}},{"start":{},"end":{}}]},"2":{"loc":{"start":{"line":21,"column":6},"end":{"line":21,"column":10}},"type":"if","locations":[{"start":{"line":21,"column":6},"end":{"line":21,"column":10}},{"start":{},"end":{}}]}},"s":{"0":0,"1":0,"2":0,"3":0,"4":0,"5":0,"6":0,"7":0,"8":0,"9":0},"f":{"0":0},"b":{"0":[0],"1":[0,0],"2":[0,0]}},"C:\\Users\\Gustavo\\Downloads\\aprovaJa-main\\frontend\\components\\concurso-guard.ts":{"path":"C:\\Users\\Gustavo\\Downloads\\aprovaJa-main\\frontend\\components\\concurso-guard.ts","statementMap":{"0":{"start":{"line":33,"column":0},"end":{"line":33,"column":22}},"1":{"start":{"line":138,"column":0},"end":{"line":138,"column":22}},"2":{"start":{"line":1,"column":0},"end":{"line":1,"column":56}},"3":{"start":{"line":2,"column":0},"end":{"line":2,"column":58}},"4":{"start":{"line":8,"column":22},"end":{"line":19,"column":2}},"5":{"start":{"line":21,"column":26},"end":{"line":27,"column":2}},"6":{"start":{"line":36,"column":10},"end":{"line":36,"column":23}},"7":{"start":{"line":39,"column":2},"end":{"line":41,"column":3}},"8":{"start":{"line":40,"column":4},"end":{"line":40,"column":16}},"9":{"start":{"line":44,"column":2},"end":{"line":46,"column":3}},"10":{"start":{"line":45,"column":4},"end":{"line":45,"column":16}},"11":{"start":{"line":50,"column":21},"end":{"line":50,"column":null}},"12":{"start":{"line":50,"column":10},"end":{"line":50,"column":null}},"13":{"start":{"line":51,"column":49},"end":{"line":51,"column":null}},"14":{"start":{"line":51,"column":10},"end":{"line":51,"column":49}},"15":{"start":{"line":53,"column":4},"end":{"line":56,"column":5}},"16":{"start":{"line":55,"column":6},"end":{"line":55,"column":67}},"17":{"start":{"line":59,"column":57},"end":{"line":64,"column":null}},"18":{"start":{"line":59,"column":10},"end":{"line":59,"column":57}},"19":{"start":{"line":66,"column":4},"end":{"line":69,"column":5}},"20":{"start":{"line":68,"column":6},"end":{"line":68,"column":81}},"21":{"start":{"line":72,"column":53},"end":{"line":77,"column":null}},"22":{"start":{"line":72,"column":10},"end":{"line":72,"column":53}},"23":{"start":{"line":79,"column":8},"end":{"line":79,"column":21}},"24":{"start":{"line":81,"column":6},"end":{"line":84,"column":33}},"25":{"start":{"line":86,"column":6},"end":{"line":86,"column":81}},"26":{"start":{"line":90,"column":55},"end":{"line":95,"column":null}},"27":{"start":{"line":90,"column":10},"end":{"line":90,"column":55}},"28":{"start":{"line":97,"column":8},"end":{"line":97,"column":22}},"29":{"start":{"line":99,"column":6},"end":{"line":102,"column":33}},"30":{"start":{"line":104,"column":6},"end":{"line":104,"column":81}},"31":{"start":{"line":108,"column":4},"end":{"line":108,"column":16}},"32":{"start":{"line":111,"column":4},"end":{"line":111,"column":60}},"33":{"start":{"line":114,"column":4},"end":{"line":114,"column":79}},"34":{"start":{"line":123,"column":2},"end":{"line":125,"column":4}},"35":{"start":{"line":124,"column":4},"end":{"line":124,"column":null}},"36":{"start":{"line":129,"column":2},"end":{"line":131,"column":4}},"37":{"start":{"line":130,"column":4},"end":{"line":130,"column":null}},"38":{"start":{"line":139,"column":10},"end":{"line":139,"column":23}},"39":{"start":{"line":142,"column":6},"end":{"line":142,"column":14}},"40":{"start":{"line":150,"column":11},"end":{"line":150,"column":55}},"41":{"start":{"line":150,"column":4},"end":{"line":150,"column":55}},"42":{"start":{"line":153,"column":2},"end":{"line":153,"column":14}},"43":{"start":{"line":160,"column":13},"end":{"line":171,"column":2}}},"fnMap":{"0":{"name":"verificarConcursoSelecionado","decl":{"start":{"line":33,"column":22},"end":{"line":33,"column":50}},"loc":{"start":{"line":34,"column":22},"end":{"line":116,"column":null}}},"1":{"name":"isPublicRoute","decl":{"start":{"line":122,"column":9},"end":{"line":122,"column":22}},"loc":{"start":{"line":122,"column":39},"end":{"line":126,"column":1}}},"2":{"name":"(anonymous_17)","decl":{"start":{"line":123,"column":28},"end":{"line":123,"column":33}},"loc":{"start":{"line":123,"column":33},"end":{"line":124,"column":12}}},"3":{"name":"isApiPublicRoute","decl":{"start":{"line":128,"column":9},"end":{"line":128,"column":25}},"loc":{"start":{"line":128,"column":42},"end":{"line":132,"column":1}}},"4":{"name":"(anonymous_19)","decl":{"start":{"line":129,"column":32},"end":{"line":129,"column":37}},"loc":{"start":{"line":129,"column":37},"end":{"line":130,"column":12}}},"5":{"name":"middleware","decl":{"start":{"line":138,"column":22},"end":{"line":138,"column":32}},"loc":{"start":{"line":138,"column":53},"end":{"line":154,"column":null}}}},"branchMap":{"0":{"loc":{"start":{"line":90,"column":55},"end":{"line":95,"column":null}},"type":"switch","locations":[{"start":{"line":90,"column":55},"end":{"line":95,"column":null}}]},"1":{"loc":{"start":{"line":39,"column":2},"end":{"line":41,"column":3}},"type":"if","locations":[{"start":{"line":39,"column":2},"end":{"line":41,"column":3}},{"start":{},"end":{}}]},"2":{"loc":{"start":{"line":44,"column":2},"end":{"line":46,"column":3}},"type":"if","locations":[{"start":{"line":44,"column":2},"end":{"line":46,"column":3}},{"start":{},"end":{}}]},"3":{"loc":{"start":{"line":53,"column":4},"end":{"line":56,"column":5}},"type":"if","locations":[{"start":{"line":53,"column":4},"end":{"line":56,"column":5}},{"start":{},"end":{}}]},"4":{"loc":{"start":{"line":53,"column":8},"end":{"line":53,"column":26}},"type":"binary-expr","locations":[{"start":{"line":53,"column":8},"end":{"line":53,"column":17}},{"start":{"line":53,"column":21},"end":{"line":53,"column":26}}]},"5":{"loc":{"start":{"line":66,"column":4},"end":{"line":69,"column":5}},"type":"if","locations":[{"start":{"line":66,"column":4},"end":{"line":69,"column":5}},{"start":{},"end":{}}]},"6":{"loc":{"start":{"line":66,"column":8},"end":{"line":66,"column":38}},"type":"binary-expr","locations":[{"start":{"line":66,"column":8},"end":{"line":66,"column":23}},{"start":{"line":66,"column":27},"end":{"line":66,"column":38}}]},"7":{"loc":{"start":{"line":79,"column":8},"end":{"line":79,"column":21}},"type":"if","locations":[{"start":{"line":79,"column":8},"end":{"line":79,"column":21}},{"start":{},"end":{}}]},"8":{"loc":{"start":{"line":79,"column":8},"end":{"line":79,"column":34}},"type":"binary-expr","locations":[{"start":{"line":79,"column":8},"end":{"line":79,"column":21}},{"start":{"line":79,"column":25},"end":{"line":79,"column":34}}]},"9":{"loc":{"start":{"line":97,"column":8},"end":{"line":97,"column":22}},"type":"if","locations":[{"start":{"line":97,"column":8},"end":{"line":97,"column":22}},{"start":{},"end":{}}]},"10":{"loc":{"start":{"line":97,"column":8},"end":{"line":97,"column":36}},"type":"binary-expr","locations":[{"start":{"line":97,"column":8},"end":{"line":97,"column":22}},{"start":{"line":97,"column":26},"end":{"line":97,"column":36}}]},"11":{"loc":{"start":{"line":124,"column":4},"end":{"line":124,"column":58}},"type":"binary-expr","locations":[{"start":{"line":124,"column":4},"end":{"line":124,"column":22}},{"start":{"line":124,"column":26},"end":{"line":124,"column":58}}]},"12":{"loc":{"start":{"line":130,"column":4},"end":{"line":130,"column":58}},"type":"binary-expr","locations":[{"start":{"line":130,"column":4},"end":{"line":130,"column":22}},{"start":{"line":130,"column":26},"end":{"line":130,"column":58}}]},"13":{"loc":{"start":{"line":150,"column":4},"end":{"line":150,"column":55}},"type":"switch","locations":[{"start":{"line":150,"column":4},"end":{"line":150,"column":55}},{"start":{"line":153,"column":2},"end":{"line":153,"column":14}}]},"14":{"loc":{"start":{"line":142,"column":6},"end":{"line":142,"column":14}},"type":"if","locations":[{"start":{"line":142,"column":6},"end":{"line":142,"column":14}},{"start":{},"end":{}}]},"15":{"loc":{"start":{"line":142,"column":6},"end":{"line":148,"column":65}},"type":"binary-expr","locations":[{"start":{"line":142,"column":6},"end":{"line":142,"column":39}},{"start":{"line":143,"column":6},"end":{"line":143,"column":39}},{"start":{"line":144,"column":6},"end":{"line":144,"column":40}},{"start":{"line":145,"column":6},"end":{"line":145,"column":39}},{"start":{"line":146,"column":6},"end":{"line":146,"column":43}},{"start":{"line":147,"column":6},"end":{"line":147,"column":43}},{"start":{"line":148,"column":6},"end":{"line":148,"column":34}},{"start":{"line":148,"column":38},"end":{"line":148,"column":65}}]}},"s":{"0":0,"1":0,"2":0,"3":0,"4":0,"5":0,"6":0,"7":0,"8":0,"9":0,"10":0,"11":0,"12":0,"13":0,"14":0,"15":0,"16":0,"17":0,"18":0,"19":0,"20":0,"21":0,"22":0,"23":0,"24":0,"25":0,"26":0,"27":0,"28":0,"29":0,"30":0,"31":0,"32":0,"33":0,"34":0,"35":0,"36":0,"37":0,"38":0,"39":0,"40":0,"41":0,"42":0,"43":0},"f":{"0":0,"1":0,"2":0,"3":0,"4":0,"5":0},"b":{"0":[0],"1":[0,0],"2":[0,0],"3":[0,0],"4":[0,0],"5":[0,0],"6":[0,0],"7":[0,0],"8":[0,0],"9":[0,0],"10":[0,0],"11":[0,0],"12":[0,0],"13":[0,0],"14":[0,0],"15":[0,0,0,0,0,0,0,0]}},"C:\\Users\\Gustavo\\Downloads\\aprovaJa-main\\frontend\\actions\\auth.ts":{"path":"C:\\Users\\Gustavo\\Downloads\\aprovaJa-main\\frontend\\actions\\auth.ts","statementMap":{"0":{"start":{"line":11,"column":0},"end":{"line":11,"column":22}},"1":{"start":{"line":61,"column":0},"end":{"line":61,"column":22}},"2":{"start":{"line":77,"column":0},"end":{"line":77,"column":22}},"3":{"start":{"line":95,"column":0},"end":{"line":95,"column":22}},"4":{"start":{"line":139,"column":0},"end":{"line":139,"column":22}},"5":{"start":{"line":2,"column":0},"end":{"line":2,"column":38}},"6":{"start":{"line":4,"column":0},"end":{"line":4,"column":39}},"7":{"start":{"line":5,"column":0},"end":{"line":5,"column":73}},"8":{"start":{"line":6,"column":0},"end":{"line":6,"column":60}},"9":{"start":{"line":7,"column":0},"end":{"line":7,"column":45}},"10":{"start":{"line":8,"column":0},"end":{"line":8,"column":43}},"11":{"start":{"line":9,"column":0},"end":{"line":9,"column":43}},"12":{"start":{"line":12,"column":8},"end":{"line":12,"column":48}},"13":{"start":{"line":13,"column":8},"end":{"line":13,"column":54}},"14":{"start":{"line":14,"column":8},"end":{"line":14,"column":46}},"15":{"start":{"line":16,"column":8},"end":{"line":16,"column":57}},"16":{"start":{"line":17,"column":23},"end":{"line":17,"column":null}},"17":{"start":{"line":17,"column":8},"end":{"line":17,"column":null}},"18":{"start":{"line":18,"column":8},"end":{"line":18,"column":51}},"19":{"start":{"line":20,"column":26},"end":{"line":28,"column":null}},"20":{"start":{"line":20,"column":8},"end":{"line":20,"column":26}},"21":{"start":{"line":30,"column":2},"end":{"line":32,"column":3}},"22":{"start":{"line":31,"column":4},"end":{"line":31,"column":36}},"23":{"start":{"line":35,"column":6},"end":{"line":35,"column":10}},"24":{"start":{"line":36,"column":4},"end":{"line":48,"column":7}},"25":{"start":{"line":51,"column":4},"end":{"line":55,"column":7}},"26":{"start":{"line":58,"column":2},"end":{"line":58,"column":27}},"27":{"start":{"line":62,"column":8},"end":{"line":62,"column":48}},"28":{"start":{"line":63,"column":8},"end":{"line":63,"column":54}},"29":{"start":{"line":65,"column":8},"end":{"line":65,"column":57}},"30":{"start":{"line":66,"column":23},"end":{"line":66,"column":null}},"31":{"start":{"line":66,"column":8},"end":{"line":66,"column":null}},"32":{"start":{"line":67,"column":8},"end":{"line":67,"column":51}},"33":{"start":{"line":69,"column":17},"end":{"line":69,"column":null}},"34":{"start":{"line":69,"column":8},"end":{"line":69,"column":null}},"35":{"start":{"line":71,"column":2},"end":{"line":73,"column":3}},"36":{"start":{"line":72,"column":4},"end":{"line":72,"column":27}},"37":{"start":{"line":74,"column":2},"end":{"line":74,"column":16}},"38":{"start":{"line":78,"column":8},"end":{"line":78,"column":57}},"39":{"start":{"line":79,"column":23},"end":{"line":79,"column":null}},"40":{"start":{"line":79,"column":8},"end":{"line":79,"column":null}},"41":{"start":{"line":80,"column":8},"end":{"line":80,"column":51}},"42":{"start":{"line":84,"column":6},"end":{"line":84,"column":null}},"43":{"start":{"line":83,"column":12},"end":{"line":83,"column":null}},"44":{"start":{"line":86,"column":6},"end":{"line":86,"column":10}},"45":{"start":{"line":88,"column":4},"end":{"line":88,"column":41}},"46":{"start":{"line":91,"column":2},"end":{"line":91,"column":32}},"47":{"start":{"line":92,"column":2},"end":{"line":92,"column":21}},"48":{"start":{"line":99,"column":23},"end":{"line":99,"column":null}},"49":{"start":{"line":99,"column":8},"end":{"line":99,"column":null}},"50":{"start":{"line":100,"column":8},"end":{"line":100,"column":51}},"51":{"start":{"line":104,"column":34},"end":{"line":108,"column":null}},"52":{"start":{"line":104,"column":18},"end":{"line":104,"column":34}},"53":{"start":{"line":111,"column":22},"end":{"line":117,"column":null}},"54":{"start":{"line":111,"column":12},"end":{"line":111,"column":22}},"55":{"start":{"line":119,"column":4},"end":{"line":121,"column":5}},"56":{"start":{"line":120,"column":6},"end":{"line":120,"column":38}},"57":{"start":{"line":124,"column":4},"end":{"line":130,"column":6}},"58":{"start":{"line":132,"column":4},"end":{"line":132,"column":29}},"59":{"start":{"line":134,"column":4},"end":{"line":134,"column":57}},"60":{"start":{"line":135,"column":4},"end":{"line":135,"column":49}},"61":{"start":{"line":140,"column":23},"end":{"line":140,"column":null}},"62":{"start":{"line":140,"column":8},"end":{"line":140,"column":null}},"63":{"start":{"line":141,"column":8},"end":{"line":141,"column":51}},"64":{"start":{"line":145,"column":34},"end":{"line":149,"column":null}},"65":{"start":{"line":145,"column":18},"end":{"line":145,"column":34}},"66":{"start":{"line":151,"column":4},"end":{"line":153,"column":5}},"67":{"start":{"line":152,"column":6},"end":{"line":152,"column":63}},"68":{"start":{"line":156,"column":22},"end":{"line":162,"column":null}},"69":{"start":{"line":156,"column":12},"end":{"line":156,"column":22}},"70":{"start":{"line":164,"column":4},"end":{"line":166,"column":5}},"71":{"start":{"line":165,"column":6},"end":{"line":165,"column":38}},"72":{"start":{"line":169,"column":4},"end":{"line":169,"column":97}},"73":{"start":{"line":172,"column":10},"end":{"line":172,"column":59}},"74":{"start":{"line":173,"column":4},"end":{"line":173,"column":34}},"75":{"start":{"line":175,"column":4},"end":{"line":175,"column":29}},"76":{"start":{"line":177,"column":4},"end":{"line":177,"column":54}},"77":{"start":{"line":178,"column":4},"end":{"line":178,"column":49}}},"fnMap":{"0":{"name":"signUp","decl":{"start":{"line":11,"column":22},"end":{"line":11,"column":28}},"loc":{"start":{"line":11,"column":47},"end":{"line":59,"column":null}}},"1":{"name":"signIn","decl":{"start":{"line":61,"column":22},"end":{"line":61,"column":28}},"loc":{"start":{"line":61,"column":47},"end":{"line":75,"column":null}}},"2":{"name":"signOut","decl":{"start":{"line":77,"column":22},"end":{"line":77,"column":29}},"loc":{"start":{"line":77,"column":29},"end":{"line":93,"column":null}}},"3":{"name":"updateUserProfile","decl":{"start":{"line":95,"column":22},"end":{"line":95,"column":39}},"loc":{"start":{"line":97,"column":34},"end":{"line":137,"column":null}}},"4":{"name":"deleteUserAccount","decl":{"start":{"line":139,"column":22},"end":{"line":139,"column":39}},"loc":{"start":{"line":139,"column":54},"end":{"line":180,"column":null}}}},"branchMap":{"0":{"loc":{"start":{"line":58,"column":2},"end":{"line":58,"column":27}},"type":"switch","locations":[{"start":{"line":58,"column":2},"end":{"line":58,"column":27}}]},"1":{"loc":{"start":{"line":30,"column":2},"end":{"line":32,"column":3}},"type":"if","locations":[{"start":{"line":30,"column":2},"end":{"line":32,"column":3}},{"start":{},"end":{}}]},"2":{"loc":{"start":{"line":35,"column":6},"end":{"line":35,"column":10}},"type":"if","locations":[{"start":{"line":35,"column":6},"end":{"line":35,"column":10}},{"start":{},"end":{}}]},"3":{"loc":{"start":{"line":71,"column":2},"end":{"line":73,"column":3}},"type":"if","locations":[{"start":{"line":71,"column":2},"end":{"line":73,"column":3}},{"start":{},"end":{}}]},"4":{"loc":{"start":{"line":91,"column":2},"end":{"line":91,"column":32}},"type":"switch","locations":[{"start":{"line":91,"column":2},"end":{"line":91,"column":32}}]},"5":{"loc":{"start":{"line":86,"column":6},"end":{"line":86,"column":10}},"type":"if","locations":[{"start":{"line":86,"column":6},"end":{"line":86,"column":10}},{"start":{},"end":{}}]},"6":{"loc":{"start":{"line":99,"column":23},"end":{"line":99,"column":null}},"type":"switch","locations":[{"start":{"line":99,"column":23},"end":{"line":99,"column":null}}]},"7":{"loc":{"start":{"line":119,"column":4},"end":{"line":121,"column":5}},"type":"if","locations":[{"start":{"line":119,"column":4},"end":{"line":121,"column":5}},{"start":{},"end":{}}]},"8":{"loc":{"start":{"line":140,"column":23},"end":{"line":140,"column":null}},"type":"switch","locations":[{"start":{"line":140,"column":23},"end":{"line":140,"column":null}}]},"9":{"loc":{"start":{"line":151,"column":4},"end":{"line":153,"column":5}},"type":"if","locations":[{"start":{"line":151,"column":4},"end":{"line":153,"column":5}},{"start":{},"end":{}}]},"10":{"loc":{"start":{"line":151,"column":8},"end":{"line":151,"column":63}},"type":"binary-expr","locations":[{"start":{"line":151,"column":8},"end":{"line":151,"column":39}},{"start":{"line":151,"column":43},"end":{"line":151,"column":63}}]},"11":{"loc":{"start":{"line":164,"column":4},"end":{"line":166,"column":5}},"type":"if","locations":[{"start":{"line":164,"column":4},"end":{"line":166,"column":5}},{"start":{},"end":{}}]}},"s":{"0":0,"1":0,"2":0,"3":0,"4":0,"5":0,"6":0,"7":0,"8":0,"9":0,"10":0,"11":0,"12":0,"13":0,"14":0,"15":0,"16":0,"17":0,"18":0,"19":0,"20":0,"21":0,"22":0,"23":0,"24":0,"25":0,"26":0,"27":0,"28":0,"29":0,"30":0,"31":0,"32":0,"33":0,"34":0,"35":0,"36":0,"37":0,"38":0,"39":0,"40":0,"41":0,"42":0,"43":0,"44":0,"45":0,"46":0,"47":0,"48":0,"49":0,"50":0,"51":0,"52":0,"53":0,"54":0,"55":0,"56":0,"57":0,"58":0,"59":0,"60":0,"61":0,"62":0,"63":0,"64":0,"65":0,"66":0,"67":0,"68":0,"69":0,"70":0,"71":0,"72":0,"73":0,"74":0,"75":0,"76":0,"77":0},"f":{"0":0,"1":0,"2":0,"3":0,"4":0},"b":{"0":[0],"1":[0,0],"2":[0,0],"3":[0,0],"4":[0],"5":[0,0],"6":[0],"7":[0,0],"8":[0],"9":[0,0],"10":[0,0],"11":[0,0]}},"C:\\Users\\Gustavo\\Downloads\\aprovaJa-main\\frontend\\lib\\auth-validator.ts":{"path":"C:\\Users\\Gustavo\\Downloads\\aprovaJa-main\\frontend\\lib\\auth-validator.ts","statementMap":{"0":{"start":{"line":4,"column":0},"end":{"line":4,"column":22}},"1":{"start":{"line":51,"column":0},"end":{"line":51,"column":16}},"2":{"start":{"line":1,"column":0},"end":{"line":1,"column":58}},"3":{"start":{"line":2,"column":0},"end":{"line":2,"column":43}},"4":{"start":{"line":6,"column":21},"end":{"line":6,"column":null}},"5":{"start":{"line":6,"column":10},"end":{"line":6,"column":null}},"6":{"start":{"line":11,"column":8},"end":{"line":11,"column":null}},"7":{"start":{"line":8,"column":10},"end":{"line":10,"column":null}},"8":{"start":{"line":13,"column":4},"end":{"line":19,"column":5}},"9":{"start":{"line":14,"column":6},"end":{"line":18,"column":8}},"10":{"start":{"line":22,"column":34},"end":{"line":22,"column":null}},"11":{"start":{"line":22,"column":20},"end":{"line":22,"column":34}},"12":{"start":{"line":23,"column":8},"end":{"line":23,"column":15}},"13":{"start":{"line":24,"column":12},"end":{"line":24,"column":60}},"14":{"start":{"line":25,"column":12},"end":{"line":25,"column":29}},"15":{"start":{"line":26,"column":12},"end":{"line":26,"column":66}},"16":{"start":{"line":28,"column":10},"end":{"line":28,"column":25}},"17":{"start":{"line":29,"column":59},"end":{"line":29,"column":null}},"18":{"start":{"line":29,"column":14},"end":{"line":29,"column":59}},"19":{"start":{"line":31,"column":8},"end":{"line":37,"column":9}},"20":{"start":{"line":32,"column":10},"end":{"line":36,"column":12}},"21":{"start":{"line":41,"column":4},"end":{"line":45,"column":6}},"22":{"start":{"line":47,"column":4},"end":{"line":47,"column":17}},"23":{"start":{"line":51,"column":40},"end":{"line":51,"column":76}},"24":{"start":{"line":51,"column":76},"end":{"line":51,"column":null}},"25":{"start":{"line":52,"column":2},"end":{"line":68,"column":4}}},"fnMap":{"0":{"name":"validateAuth","decl":{"start":{"line":4,"column":22},"end":{"line":4,"column":34}},"loc":{"start":{"line":4,"column":34},"end":{"line":49,"column":null}}},"1":{"name":"createAuthErrorResponse","decl":{"start":{"line":51,"column":16},"end":{"line":51,"column":39}},"loc":{"start":{"line":51,"column":96},"end":{"line":69,"column":1}}}},"branchMap":{"0":{"loc":{"start":{"line":41,"column":4},"end":{"line":45,"column":6}},"type":"switch","locations":[{"start":{"line":41,"column":4},"end":{"line":45,"column":6}}]},"1":{"loc":{"start":{"line":13,"column":4},"end":{"line":19,"column":5}},"type":"if","locations":[{"start":{"line":13,"column":4},"end":{"line":19,"column":5}},{"start":{},"end":{}}]},"2":{"loc":{"start":{"line":13,"column":8},"end":{"line":13,"column":23}},"type":"binary-expr","locations":[{"start":{"line":13,"column":8},"end":{"line":13,"column":13}},{"start":{"line":13,"column":17},"end":{"line":13,"column":23}}]},"3":{"loc":{"start":{"line":23,"column":8},"end":{"line":23,"column":15}},"type":"if","locations":[{"start":{"line":23,"column":8},"end":{"line":23,"column":15}},{"start":{},"end":{}}]},"4":{"loc":{"start":{"line":23,"column":8},"end":{"line":23,"column":27}},"type":"cond-expr","locations":[{"start":{"line":23,"column":15},"end":{"line":23,"column":17}},{"start":{"line":23,"column":8},"end":{"line":23,"column":27}}]},"5":{"loc":{"start":{"line":23,"column":8},"end":{"line":23,"column":17}},"type":"binary-expr","locations":[{"start":{"line":23,"column":8},"end":{"line":23,"column":17}},{"start":{"line":23,"column":8},"end":{"line":23,"column":17}}]},"6":{"loc":{"start":{"line":28,"column":10},"end":{"line":28,"column":25}},"type":"if","locations":[{"start":{"line":28,"column":10},"end":{"line":28,"column":25}},{"start":{},"end":{}}]},"7":{"loc":{"start":{"line":31,"column":8},"end":{"line":37,"column":9}},"type":"if","locations":[{"start":{"line":31,"column":8},"end":{"line":37,"column":9}},{"start":{},"end":{}}]},"8":{"loc":{"start":{"line":31,"column":12},"end":{"line":31,"column":48}},"type":"binary-expr","locations":[{"start":{"line":31,"column":12},"end":{"line":31,"column":24}},{"start":{"line":31,"column":28},"end":{"line":31,"column":48}}]},"9":{"loc":{"start":{"line":51,"column":40},"end":{"line":51,"column":76}},"type":"if","locations":[{"start":{"line":51,"column":40},"end":{"line":51,"column":76}},{"start":{},"end":{}}]},"10":{"loc":{"start":{"line":51,"column":76},"end":{"line":51,"column":null}},"type":"if","locations":[{"start":{"line":51,"column":76},"end":{"line":51,"column":null}},{"start":{},"end":{}}]}},"s":{"0":0,"1":0,"2":0,"3":0,"4":0,"5":0,"6":0,"7":0,"8":0,"9":0,"10":0,"11":0,"12":0,"13":0,"14":0,"15":0,"16":0,"17":0,"18":0,"19":0,"20":0,"21":0,"22":0,"23":0,"24":0,"25":0},"f":{"0":0,"1":0},"b":{"0":[0],"1":[0,0],"2":[0,0],"3":[0,0],"4":[0,0],"5":[0,0],"6":[0,0],"7":[0,0],"8":[0,0],"9":[0,0],"10":[0,0]}},"C:\\Users\\Gustavo\\Downloads\\aprovaJa-main\\frontend\\lib\\formatDate.ts":{"path":"C:\\Users\\Gustavo\\Downloads\\aprovaJa-main\\frontend\\lib\\formatDate.ts","statementMap":{"0":{"start":{"line":6,"column":0},"end":{"line":6,"column":16}},"1":{"start":{"line":7,"column":2},"end":{"line":7,"column":29}},"2":{"start":{"line":7,"column":19},"end":{"line":7,"column":29}},"3":{"start":{"line":9,"column":2},"end":{"line":19,"column":3}},"4":{"start":{"line":10,"column":17},"end":{"line":10,"column":37}},"5":{"start":{"line":11,"column":4},"end":{"line":15,"column":20}},"6":{"start":{"line":17,"column":4},"end":{"line":17,"column":51}},"7":{"start":{"line":18,"column":4},"end":{"line":18,"column":14}}},"fnMap":{"0":{"name":"formatDate","decl":{"start":{"line":6,"column":16},"end":{"line":6,"column":26}},"loc":{"start":{"line":6,"column":45},"end":{"line":20,"column":1}}}},"branchMap":{"0":{"loc":{"start":{"line":7,"column":2},"end":{"line":7,"column":29}},"type":"if","locations":[{"start":{"line":7,"column":2},"end":{"line":7,"column":29}},{"start":{},"end":{}}]}},"s":{"0":0,"1":0,"2":0,"3":0,"4":0,"5":0,"6":0,"7":0},"f":{"0":0},"b":{"0":[0,0]}},"C:\\Users\\Gustavo\\Downloads\\aprovaJa-main\\frontend\\lib\\audit.ts":{"path":"C:\\Users\\Gustavo\\Downloads\\aprovaJa-main\\frontend\\lib\\audit.ts","statementMap":{"0":{"start":{"line":2,"column":0},"end":{"line":2,"column":39}},"1":{"start":{"line":3,"column":0},"end":{"line":3,"column":38}},"2":{"start":{"line":29,"column":0},"end":{"line":29,"column":13}},"3":{"start":{"line":33,"column":4},"end":{"line":33,"column":35}},"4":{"start":{"line":36,"column":8},"end":{"line":67,"column":null}},"5":{"start":{"line":38,"column":26},"end":{"line":38,"column":null}},"6":{"start":{"line":38,"column":12},"end":{"line":38,"column":null}},"7":{"start":{"line":39,"column":12},"end":{"line":39,"column":62}},"8":{"start":{"line":40,"column":12},"end":{"line":40,"column":70}},"9":{"start":{"line":41,"column":12},"end":{"line":41,"column":58}},"10":{"start":{"line":42,"column":12},"end":{"line":42,"column":55}},"11":{"start":{"line":44,"column":24},"end":{"line":54,"column":null}},"12":{"start":{"line":44,"column":14},"end":{"line":44,"column":24}},"13":{"start":{"line":56,"column":6},"end":{"line":61,"column":7}},"14":{"start":{"line":57,"column":8},"end":{"line":60,"column":11}},"15":{"start":{"line":63,"column":6},"end":{"line":65,"column":9}},"16":{"start":{"line":69,"column":8},"end":{"line":77,"column":null}},"17":{"start":{"line":70,"column":4},"end":{"line":76,"column":7}},"18":{"start":{"line":79,"column":8},"end":{"line":86,"column":null}},"19":{"start":{"line":80,"column":4},"end":{"line":85,"column":7}},"20":{"start":{"line":88,"column":8},"end":{"line":101,"column":null}},"21":{"start":{"line":94,"column":4},"end":{"line":100,"column":7}},"22":{"start":{"line":103,"column":8},"end":{"line":118,"column":null}},"23":{"start":{"line":110,"column":4},"end":{"line":117,"column":7}},"24":{"start":{"line":120,"column":8},"end":{"line":133,"column":null}},"25":{"start":{"line":126,"column":4},"end":{"line":132,"column":7}},"26":{"start":{"line":135,"column":8},"end":{"line":146,"column":null}},"27":{"start":{"line":140,"column":4},"end":{"line":145,"column":7}},"28":{"start":{"line":148,"column":8},"end":{"line":165,"column":null}},"29":{"start":{"line":154,"column":4},"end":{"line":164,"column":7}},"30":{"start":{"line":167,"column":8},"end":{"line":182,"column":null}},"31":{"start":{"line":172,"column":4},"end":{"line":181,"column":7}},"32":{"start":{"line":184,"column":8},"end":{"line":199,"column":null}},"33":{"start":{"line":191,"column":4},"end":{"line":198,"column":7}},"34":{"start":{"line":201,"column":8},"end":{"line":215,"column":null}},"35":{"start":{"line":201,"column":36},"end":{"line":201,"column":57}},"36":{"start":{"line":202,"column":28},"end":{"line":207,"column":null}},"37":{"start":{"line":202,"column":10},"end":{"line":202,"column":28}},"38":{"start":{"line":209,"column":4},"end":{"line":212,"column":5}},"39":{"start":{"line":210,"column":6},"end":{"line":210,"column":96}},"40":{"start":{"line":211,"column":6},"end":{"line":211,"column":16}},"41":{"start":{"line":214,"column":4},"end":{"line":214,"column":22}},"42":{"start":{"line":217,"column":8},"end":{"line":232,"column":null}},"43":{"start":{"line":217,"column":61},"end":{"line":217,"column":82}},"44":{"start":{"line":218,"column":28},"end":{"line":224,"column":null}},"45":{"start":{"line":218,"column":10},"end":{"line":218,"column":28}},"46":{"start":{"line":226,"column":4},"end":{"line":229,"column":5}},"47":{"start":{"line":227,"column":6},"end":{"line":227,"column":96}},"48":{"start":{"line":228,"column":6},"end":{"line":228,"column":16}},"49":{"start":{"line":231,"column":4},"end":{"line":231,"column":22}},"50":{"start":{"line":234,"column":8},"end":{"line":254,"column":null}},"51":{"start":{"line":235,"column":8},"end":{"line":240,"column":49}},"52":{"start":{"line":242,"column":4},"end":{"line":244,"column":5}},"53":{"start":{"line":243,"column":6},"end":{"line":243,"column":42}},"54":{"start":{"line":246,"column":28},"end":{"line":246,"column":null}},"55":{"start":{"line":246,"column":10},"end":{"line":246,"column":28}},"56":{"start":{"line":248,"column":4},"end":{"line":251,"column":5}},"57":{"start":{"line":249,"column":6},"end":{"line":249,"column":97}},"58":{"start":{"line":250,"column":6},"end":{"line":250,"column":16}},"59":{"start":{"line":253,"column":4},"end":{"line":253,"column":22}},"60":{"start":{"line":255,"column":0},"end":{"line":255,"column":null}},"61":{"start":{"line":29,"column":13},"end":{"line":29,"column":24}},"62":{"start":{"line":257,"column":30},"end":{"line":259,"column":1}},"63":{"start":{"line":258,"column":2},"end":{"line":258,"column":41}},"64":{"start":{"line":257,"column":13},"end":{"line":257,"column":30}}},"fnMap":{"0":{"name":"(anonymous_13)","decl":{"start":{"line":29,"column":0},"end":{"line":29,"column":13}},"loc":{"start":{"line":29,"column":0},"end":{"line":255,"column":1}}},"1":{"name":"AuditLogger","decl":{"start":{"line":32,"column":2},"end":{"line":32,"column":14}},"loc":{"start":{"line":32,"column":54},"end":{"line":34,"column":3}}},"2":{"name":"(anonymous_15)","decl":{"start":{"line":36,"column":2},"end":{"line":36,"column":8}},"loc":{"start":{"line":36,"column":30},"end":{"line":67,"column":null}}},"3":{"name":"(anonymous_18)","decl":{"start":{"line":69,"column":2},"end":{"line":69,"column":8}},"loc":{"start":{"line":69,"column":31},"end":{"line":77,"column":null}}},"4":{"name":"(anonymous_21)","decl":{"start":{"line":79,"column":2},"end":{"line":79,"column":8}},"loc":{"start":{"line":79,"column":32},"end":{"line":86,"column":null}}},"5":{"name":"(anonymous_24)","decl":{"start":{"line":88,"column":2},"end":{"line":88,"column":8}},"loc":{"start":{"line":92,"column":38},"end":{"line":101,"column":null}}},"6":{"name":"(anonymous_27)","decl":{"start":{"line":103,"column":2},"end":{"line":103,"column":8}},"loc":{"start":{"line":108,"column":38},"end":{"line":118,"column":null}}},"7":{"name":"(anonymous_30)","decl":{"start":{"line":120,"column":2},"end":{"line":120,"column":8}},"loc":{"start":{"line":124,"column":45},"end":{"line":133,"column":null}}},"8":{"name":"(anonymous_33)","decl":{"start":{"line":135,"column":2},"end":{"line":135,"column":8}},"loc":{"start":{"line":138,"column":20},"end":{"line":146,"column":null}}},"9":{"name":"(anonymous_36)","decl":{"start":{"line":148,"column":2},"end":{"line":148,"column":8}},"loc":{"start":{"line":152,"column":21},"end":{"line":165,"column":null}}},"10":{"name":"(anonymous_39)","decl":{"start":{"line":167,"column":2},"end":{"line":167,"column":8}},"loc":{"start":{"line":170,"column":17},"end":{"line":182,"column":null}}},"11":{"name":"(anonymous_42)","decl":{"start":{"line":184,"column":2},"end":{"line":184,"column":8}},"loc":{"start":{"line":189,"column":40},"end":{"line":199,"column":null}}},"12":{"name":"(anonymous_45)","decl":{"start":{"line":201,"column":2},"end":{"line":201,"column":8}},"loc":{"start":{"line":201,"column":2},"end":{"line":215,"column":null}}},"13":{"name":"(anonymous_48)","decl":{"start":{"line":217,"column":2},"end":{"line":217,"column":8}},"loc":{"start":{"line":217,"column":2},"end":{"line":232,"column":null}}},"14":{"name":"(anonymous_51)","decl":{"start":{"line":234,"column":2},"end":{"line":234,"column":8}},"loc":{"start":{"line":234,"column":75},"end":{"line":254,"column":null}}},"15":{"name":"(anonymous_54)","decl":{"start":{"line":257,"column":30},"end":{"line":257,"column":31}},"loc":{"start":{"line":257,"column":71},"end":{"line":259,"column":1}}}},"branchMap":{"0":{"loc":{"start":{"line":39,"column":24},"end":{"line":39,"column":61}},"type":"binary-expr","locations":[{"start":{"line":39,"column":24},"end":{"line":39,"column":53}},{"start":{"line":39,"column":57},"end":{"line":39,"column":61}}]},"1":{"loc":{"start":{"line":40,"column":27},"end":{"line":40,"column":69}},"type":"binary-expr","locations":[{"start":{"line":40,"column":27},"end":{"line":40,"column":61}},{"start":{"line":40,"column":65},"end":{"line":40,"column":69}}]},"2":{"loc":{"start":{"line":41,"column":21},"end":{"line":41,"column":57}},"type":"binary-expr","locations":[{"start":{"line":41,"column":21},"end":{"line":41,"column":49}},{"start":{"line":41,"column":53},"end":{"line":41,"column":57}}]},"3":{"loc":{"start":{"line":42,"column":24},"end":{"line":42,"column":54}},"type":"binary-expr","locations":[{"start":{"line":42,"column":24},"end":{"line":42,"column":36}},{"start":{"line":42,"column":40},"end":{"line":42,"column":46}},{"start":{"line":42,"column":50},"end":{"line":42,"column":54}}]},"4":{"loc":{"start":{"line":56,"column":6},"end":{"line":61,"column":7}},"type":"if","locations":[{"start":{"line":56,"column":6},"end":{"line":61,"column":7}},{"start":{},"end":{}}]},"5":{"loc":{"start":{"line":64,"column":15},"end":{"line":64,"column":69}},"type":"cond-expr","locations":[{"start":{"line":64,"column":40},"end":{"line":64,"column":53}},{"start":{"line":64,"column":56},"end":{"line":64,"column":69}}]},"6":{"loc":{"start":{"line":70,"column":4},"end":{"line":76,"column":7}},"type":"switch","locations":[{"start":{"line":70,"column":4},"end":{"line":76,"column":7}}]},"7":{"loc":{"start":{"line":80,"column":4},"end":{"line":85,"column":7}},"type":"switch","locations":[{"start":{"line":80,"column":4},"end":{"line":85,"column":7}}]},"8":{"loc":{"start":{"line":94,"column":4},"end":{"line":100,"column":7}},"type":"switch","locations":[{"start":{"line":94,"column":4},"end":{"line":100,"column":7}}]},"9":{"loc":{"start":{"line":110,"column":4},"end":{"line":117,"column":7}},"type":"switch","locations":[{"start":{"line":110,"column":4},"end":{"line":117,"column":7}}]},"10":{"loc":{"start":{"line":126,"column":4},"end":{"line":132,"column":7}},"type":"switch","locations":[{"start":{"line":126,"column":4},"end":{"line":132,"column":7}}]},"11":{"loc":{"start":{"line":140,"column":4},"end":{"line":145,"column":7}},"type":"switch","locations":[{"start":{"line":140,"column":4},"end":{"line":145,"column":7}}]},"12":{"loc":{"start":{"line":154,"column":4},"end":{"line":164,"column":7}},"type":"switch","locations":[{"start":{"line":154,"column":4},"end":{"line":164,"column":7}}]},"13":{"loc":{"start":{"line":172,"column":4},"end":{"line":181,"column":7}},"type":"switch","locations":[{"start":{"line":172,"column":4},"end":{"line":181,"column":7}}]},"14":{"loc":{"start":{"line":191,"column":4},"end":{"line":198,"column":7}},"type":"switch","locations":[{"start":{"line":191,"column":4},"end":{"line":198,"column":7}}]},"15":{"loc":{"start":{"line":201,"column":36},"end":{"line":201,"column":57}},"type":"if","locations":[{"start":{"line":201,"column":36},"end":{"line":201,"column":57}},{"start":{},"end":{}}]},"16":{"loc":{"start":{"line":202,"column":28},"end":{"line":207,"column":null}},"type":"switch","locations":[{"start":{"line":202,"column":28},"end":{"line":207,"column":null}}]},"17":{"loc":{"start":{"line":209,"column":4},"end":{"line":212,"column":5}},"type":"if","locations":[{"start":{"line":209,"column":4},"end":{"line":212,"column":5}},{"start":{},"end":{}}]},"18":{"loc":{"start":{"line":214,"column":11},"end":{"line":214,"column":21}},"type":"binary-expr","locations":[{"start":{"line":214,"column":11},"end":{"line":214,"column":15}},{"start":{"line":214,"column":19},"end":{"line":214,"column":21}}]},"19":{"loc":{"start":{"line":217,"column":61},"end":{"line":217,"column":82}},"type":"if","locations":[{"start":{"line":217,"column":61},"end":{"line":217,"column":82}},{"start":{},"end":{}}]},"20":{"loc":{"start":{"line":218,"column":28},"end":{"line":224,"column":null}},"type":"switch","locations":[{"start":{"line":218,"column":28},"end":{"line":224,"column":null}}]},"21":{"loc":{"start":{"line":226,"column":4},"end":{"line":229,"column":5}},"type":"if","locations":[{"start":{"line":226,"column":4},"end":{"line":229,"column":5}},{"start":{},"end":{}}]},"22":{"loc":{"start":{"line":231,"column":11},"end":{"line":231,"column":21}},"type":"binary-expr","locations":[{"start":{"line":231,"column":11},"end":{"line":231,"column":15}},{"start":{"line":231,"column":19},"end":{"line":231,"column":21}}]},"23":{"loc":{"start":{"line":242,"column":4},"end":{"line":244,"column":5}},"type":"if","locations":[{"start":{"line":242,"column":4},"end":{"line":244,"column":5}},{"start":{},"end":{}}]},"24":{"loc":{"start":{"line":248,"column":4},"end":{"line":251,"column":5}},"type":"if","locations":[{"start":{"line":248,"column":4},"end":{"line":251,"column":5}},{"start":{},"end":{}}]},"25":{"loc":{"start":{"line":253,"column":11},"end":{"line":253,"column":21}},"type":"binary-expr","locations":[{"start":{"line":253,"column":11},"end":{"line":253,"column":15}},{"start":{"line":253,"column":19},"end":{"line":253,"column":21}}]}},"s":{"0":0,"1":0,"2":0,"3":0,"4":0,"5":0,"6":0,"7":0,"8":0,"9":0,"10":0,"11":0,"12":0,"13":0,"14":0,"15":0,"16":0,"17":0,"18":0,"19":0,"20":0,"21":0,"22":0,"23":0,"24":0,"25":0,"26":0,"27":0,"28":0,"29":0,"30":0,"31":0,"32":0,"33":0,"34":0,"35":0,"36":0,"37":0,"38":0,"39":0,"40":0,"41":0,"42":0,"43":0,"44":0,"45":0,"46":0,"47":0,"48":0,"49":0,"50":0,"51":0,"52":0,"53":0,"54":0,"55":0,"56":0,"57":0,"58":0,"59":0,"60":0,"61":0,"62":0,"63":0,"64":0},"f":{"0":0,"1":0,"2":0,"3":0,"4":0,"5":0,"6":0,"7":0,"8":0,"9":0,"10":0,"11":0,"12":0,"13":0,"14":0,"15":0},"b":{"0":[0,0],"1":[0,0],"2":[0,0],"3":[0,0,0],"4":[0,0],"5":[0,0],"6":[0],"7":[0],"8":[0],"9":[0],"10":[0],"11":[0],"12":[0],"13":[0],"14":[0],"15":[0,0],"16":[0],"17":[0,0],"18":[0,0],"19":[0,0],"20":[0],"21":[0,0],"22":[0,0],"23":[0,0],"24":[0,0],"25":[0,0]}},"C:\\Users\\Gustavo\\Downloads\\aprovaJa-main\\frontend\\lib\\error-handler.ts":{"path":"C:\\Users\\Gustavo\\Downloads\\aprovaJa-main\\frontend\\lib\\error-handler.ts","statementMap":{"0":{"start":{"line":1,"column":0},"end":{"line":1,"column":34}},"1":{"start":{"line":4,"column":0},"end":{"line":4,"column":13}},"2":{"start":{"line":9,"column":16},"end":{"line":14,"column":null}},"3":{"start":{"line":10,"column":4},"end":{"line":12,"column":5}},"4":{"start":{"line":11,"column":6},"end":{"line":11,"column":49}},"5":{"start":{"line":13,"column":4},"end":{"line":13,"column":33}},"6":{"start":{"line":16,"column":9},"end":{"line":66,"column":null}},"7":{"start":{"line":17,"column":4},"end":{"line":34,"column":5}},"8":{"start":{"line":18,"column":33},"end":{"line":26,"column":8}},"9":{"start":{"line":28,"column":6},"end":{"line":31,"column":9}},"10":{"start":{"line":33,"column":6},"end":{"line":33,"column":22}},"11":{"start":{"line":36,"column":4},"end":{"line":49,"column":5}},"12":{"start":{"line":37,"column":33},"end":{"line":41,"column":8}},"13":{"start":{"line":43,"column":6},"end":{"line":46,"column":9}},"14":{"start":{"line":48,"column":6},"end":{"line":48,"column":22}},"15":{"start":{"line":51,"column":31},"end":{"line":58,"column":6}},"16":{"start":{"line":60,"column":4},"end":{"line":63,"column":7}},"17":{"start":{"line":65,"column":4},"end":{"line":65,"column":20}},"18":{"start":{"line":68,"column":10},"end":{"line":81,"column":null}},"19":{"start":{"line":70,"column":49},"end":{"line":78,"column":6}},"20":{"start":{"line":80,"column":4},"end":{"line":80,"column":56}},"21":{"start":{"line":83,"column":9},"end":{"line":93,"column":null}},"22":{"start":{"line":88,"column":4},"end":{"line":92,"column":6}},"23":{"start":{"line":95,"column":9},"end":{"line":102,"column":null}},"24":{"start":{"line":96,"column":4},"end":{"line":101,"column":6}},"25":{"start":{"line":103,"column":0},"end":{"line":103,"column":null}},"26":{"start":{"line":4,"column":13},"end":{"line":4,"column":25}},"27":{"start":{"line":105,"column":13},"end":{"line":105,"column":55}},"28":{"start":{"line":108,"column":0},"end":{"line":108,"column":null}},"29":{"start":{"line":108,"column":37},"end":{"line":108,"column":42}},"30":{"start":{"line":113,"column":4},"end":{"line":113,"column":19}},"31":{"start":{"line":111,"column":11},"end":{"line":111,"column":25}},"32":{"start":{"line":114,"column":4},"end":{"line":114,"column":34}},"33":{"start":{"line":116,"column":0},"end":{"line":116,"column":null}},"34":{"start":{"line":108,"column":13},"end":{"line":108,"column":28}},"35":{"start":{"line":118,"column":0},"end":{"line":118,"column":null}},"36":{"start":{"line":118,"column":41},"end":{"line":118,"column":46}},"37":{"start":{"line":119,"column":14},"end":{"line":119,"column":null}},"38":{"start":{"line":120,"column":4},"end":{"line":120,"column":19}},"39":{"start":{"line":121,"column":4},"end":{"line":121,"column":38}},"40":{"start":{"line":123,"column":0},"end":{"line":123,"column":null}},"41":{"start":{"line":118,"column":13},"end":{"line":118,"column":32}},"42":{"start":{"line":125,"column":0},"end":{"line":125,"column":null}},"43":{"start":{"line":125,"column":40},"end":{"line":125,"column":45}},"44":{"start":{"line":126,"column":14},"end":{"line":126,"column":null}},"45":{"start":{"line":127,"column":4},"end":{"line":127,"column":19}},"46":{"start":{"line":128,"column":4},"end":{"line":128,"column":37}},"47":{"start":{"line":130,"column":0},"end":{"line":130,"column":null}},"48":{"start":{"line":125,"column":13},"end":{"line":125,"column":31}},"49":{"start":{"line":132,"column":0},"end":{"line":132,"column":null}},"50":{"start":{"line":132,"column":35},"end":{"line":132,"column":40}},"51":{"start":{"line":134,"column":4},"end":{"line":134,"column":35}},"52":{"start":{"line":135,"column":4},"end":{"line":135,"column":32}},"53":{"start":{"line":137,"column":0},"end":{"line":137,"column":null}},"54":{"start":{"line":132,"column":13},"end":{"line":132,"column":26}},"55":{"start":{"line":139,"column":0},"end":{"line":139,"column":null}},"56":{"start":{"line":139,"column":35},"end":{"line":139,"column":40}},"57":{"start":{"line":144,"column":4},"end":{"line":144,"column":19}},"58":{"start":{"line":142,"column":11},"end":{"line":142,"column":34}},"59":{"start":{"line":145,"column":4},"end":{"line":145,"column":32}},"60":{"start":{"line":147,"column":0},"end":{"line":147,"column":null}},"61":{"start":{"line":139,"column":13},"end":{"line":139,"column":26}}},"fnMap":{"0":{"name":"(anonymous_6)","decl":{"start":{"line":4,"column":0},"end":{"line":4,"column":13}},"loc":{"start":{"line":4,"column":0},"end":{"line":103,"column":1}}},"1":{"name":"ErrorHandler","decl":{"start":{"line":7,"column":2},"end":{"line":7,"column":25}},"loc":{"start":{"line":7,"column":2},"end":{"line":7,"column":26}}},"2":{"name":"(anonymous_8)","decl":{"start":{"line":9,"column":2},"end":{"line":9,"column":16}},"loc":{"start":{"line":9,"column":2},"end":{"line":14,"column":3}}},"3":{"name":"(anonymous_9)","decl":{"start":{"line":16,"column":2},"end":{"line":16,"column":9}},"loc":{"start":{"line":16,"column":53},"end":{"line":66,"column":3}}},"4":{"name":"(anonymous_10)","decl":{"start":{"line":68,"column":2},"end":{"line":68,"column":10}},"loc":{"start":{"line":68,"column":35},"end":{"line":81,"column":3}}},"5":{"name":"(anonymous_11)","decl":{"start":{"line":83,"column":2},"end":{"line":83,"column":9}},"loc":{"start":{"line":86,"column":37},"end":{"line":93,"column":3}}},"6":{"name":"(anonymous_12)","decl":{"start":{"line":95,"column":2},"end":{"line":95,"column":9}},"loc":{"start":{"line":95,"column":34},"end":{"line":102,"column":3}}},"7":{"name":"(anonymous_13)","decl":{"start":{"line":108,"column":0},"end":{"line":108,"column":13}},"loc":{"start":{"line":108,"column":0},"end":{"line":116,"column":1}}},"8":{"name":"ValidationError","decl":{"start":{"line":109,"column":2},"end":{"line":109,"column":null}},"loc":{"start":{"line":111,"column":25},"end":{"line":115,"column":3}}},"9":{"name":"(anonymous_15)","decl":{"start":{"line":118,"column":0},"end":{"line":118,"column":13}},"loc":{"start":{"line":118,"column":0},"end":{"line":123,"column":1}}},"10":{"name":"AuthenticationError","decl":{"start":{"line":119,"column":2},"end":{"line":119,"column":14}},"loc":{"start":{"line":119,"column":57},"end":{"line":122,"column":3}}},"11":{"name":"(anonymous_17)","decl":{"start":{"line":125,"column":0},"end":{"line":125,"column":13}},"loc":{"start":{"line":125,"column":0},"end":{"line":130,"column":1}}},"12":{"name":"AuthorizationError","decl":{"start":{"line":126,"column":2},"end":{"line":126,"column":14}},"loc":{"start":{"line":126,"column":58},"end":{"line":129,"column":3}}},"13":{"name":"(anonymous_19)","decl":{"start":{"line":132,"column":0},"end":{"line":132,"column":13}},"loc":{"start":{"line":132,"column":0},"end":{"line":137,"column":1}}},"14":{"name":"NotFoundError","decl":{"start":{"line":133,"column":2},"end":{"line":133,"column":14}},"loc":{"start":{"line":133,"column":30},"end":{"line":136,"column":3}}},"15":{"name":"(anonymous_21)","decl":{"start":{"line":139,"column":0},"end":{"line":139,"column":13}},"loc":{"start":{"line":139,"column":0},"end":{"line":147,"column":1}}},"16":{"name":"DatabaseError","decl":{"start":{"line":140,"column":2},"end":{"line":140,"column":null}},"loc":{"start":{"line":142,"column":34},"end":{"line":146,"column":3}}}},"branchMap":{"0":{"loc":{"start":{"line":10,"column":4},"end":{"line":12,"column":5}},"type":"if","locations":[{"start":{"line":10,"column":4},"end":{"line":12,"column":5}},{"start":{},"end":{}}]},"1":{"loc":{"start":{"line":17,"column":4},"end":{"line":34,"column":5}},"type":"if","locations":[{"start":{"line":17,"column":4},"end":{"line":34,"column":5}},{"start":{},"end":{}}]},"2":{"loc":{"start":{"line":36,"column":4},"end":{"line":49,"column":5}},"type":"if","locations":[{"start":{"line":36,"column":4},"end":{"line":49,"column":5}},{"start":{},"end":{}}]},"3":{"loc":{"start":{"line":80,"column":11},"end":{"line":80,"column":55}},"type":"binary-expr","locations":[{"start":{"line":80,"column":11},"end":{"line":80,"column":35}},{"start":{"line":80,"column":39},"end":{"line":80,"column":55}}]},"4":{"loc":{"start":{"line":97,"column":6},"end":{"line":100,"column":24}},"type":"binary-expr","locations":[{"start":{"line":97,"column":6},"end":{"line":97,"column":31}},{"start":{"line":98,"column":6},"end":{"line":98,"column":20}},{"start":{"line":99,"column":6},"end":{"line":99,"column":21}},{"start":{"line":100,"column":6},"end":{"line":100,"column":24}}]},"5":{"loc":{"start":{"line":113,"column":4},"end":{"line":113,"column":19}},"type":"binary-expr","locations":[{"start":{"line":113,"column":4},"end":{"line":113,"column":18}},{"start":{"line":113,"column":18},"end":{"line":113,"column":19}}]},"6":{"loc":{"start":{"line":119,"column":14},"end":{"line":119,"column":null}},"type":"if","locations":[{"start":{"line":119,"column":14},"end":{"line":119,"column":null}},{"start":{},"end":{}}]},"7":{"loc":{"start":{"line":120,"column":4},"end":{"line":120,"column":19}},"type":"binary-expr","locations":[{"start":{"line":120,"column":4},"end":{"line":120,"column":18}},{"start":{"line":120,"column":18},"end":{"line":120,"column":19}}]},"8":{"loc":{"start":{"line":126,"column":14},"end":{"line":126,"column":null}},"type":"if","locations":[{"start":{"line":126,"column":14},"end":{"line":126,"column":null}},{"start":{},"end":{}}]},"9":{"loc":{"start":{"line":127,"column":4},"end":{"line":127,"column":19}},"type":"binary-expr","locations":[{"start":{"line":127,"column":4},"end":{"line":127,"column":18}},{"start":{"line":127,"column":18},"end":{"line":127,"column":19}}]},"10":{"loc":{"start":{"line":134,"column":4},"end":{"line":134,"column":35}},"type":"binary-expr","locations":[{"start":{"line":134,"column":4},"end":{"line":134,"column":34}},{"start":{"line":134,"column":34},"end":{"line":134,"column":35}}]},"11":{"loc":{"start":{"line":144,"column":4},"end":{"line":144,"column":19}},"type":"binary-expr","locations":[{"start":{"line":144,"column":4},"end":{"line":144,"column":18}},{"start":{"line":144,"column":18},"end":{"line":144,"column":19}}]}},"s":{"0":0,"1":0,"2":0,"3":0,"4":0,"5":0,"6":0,"7":0,"8":0,"9":0,"10":0,"11":0,"12":0,"13":0,"14":0,"15":0,"16":0,"17":0,"18":0,"19":0,"20":0,"21":0,"22":0,"23":0,"24":0,"25":0,"26":0,"27":0,"28":0,"29":0,"30":0,"31":0,"32":0,"33":0,"34":0,"35":0,"36":0,"37":0,"38":0,"39":0,"40":0,"41":0,"42":0,"43":0,"44":0,"45":0,"46":0,"47":0,"48":0,"49":0,"50":0,"51":0,"52":0,"53":0,"54":0,"55":0,"56":0,"57":0,"58":0,"59":0,"60":0,"61":0},"f":{"0":0,"1":0,"2":0,"3":0,"4":0,"5":0,"6":0,"7":0,"8":0,"9":0,"10":0,"11":0,"12":0,"13":0,"14":0,"15":0,"16":0},"b":{"0":[0,0],"1":[0,0],"2":[0,0],"3":[0,0],"4":[0,0,0,0],"5":[0,0],"6":[0,0],"7":[0,0],"8":[0,0],"9":[0,0],"10":[0,0],"11":[0,0]}},"C:\\Users\\Gustavo\\Downloads\\aprovaJa-main\\frontend\\hooks\\use-safe-action.ts":{"path":"C:\\Users\\Gustavo\\Downloads\\aprovaJa-main\\frontend\\hooks\\use-safe-action.ts","statementMap":{"0":{"start":{"line":3,"column":0},"end":{"line":3,"column":46}},"1":{"start":{"line":4,"column":0},"end":{"line":4,"column":31}},"2":{"start":{"line":16,"column":29},"end":{"line":86,"column":1}},"3":{"start":{"line":26,"column":36},"end":{"line":26,"column":51}},"4":{"start":{"line":26,"column":18},"end":{"line":26,"column":20}},"5":{"start":{"line":26,"column":32},"end":{"line":26,"column":36}},"6":{"start":{"line":27,"column":28},"end":{"line":27,"column":57}},"7":{"start":{"line":27,"column":14},"end":{"line":27,"column":16}},"8":{"start":{"line":27,"column":24},"end":{"line":27,"column":28}},"9":{"start":{"line":28,"column":26},"end":{"line":28,"column":66}},"10":{"start":{"line":28,"column":13},"end":{"line":28,"column":15}},"11":{"start":{"line":28,"column":22},"end":{"line":28,"column":26}},"12":{"start":{"line":30,"column":18},"end":{"line":77,"column":null}},"13":{"start":{"line":31,"column":24},"end":{"line":76,"column":null}},"14":{"start":{"line":32,"column":6},"end":{"line":32,"column":25}},"15":{"start":{"line":33,"column":6},"end":{"line":33,"column":21}},"16":{"start":{"line":36,"column":23},"end":{"line":36,"column":null}},"17":{"start":{"line":36,"column":14},"end":{"line":36,"column":null}},"18":{"start":{"line":38,"column":8},"end":{"line":42,"column":9}},"19":{"start":{"line":39,"column":10},"end":{"line":39,"column":33}},"20":{"start":{"line":40,"column":10},"end":{"line":40,"column":36}},"21":{"start":{"line":41,"column":10},"end":{"line":41,"column":43}},"22":{"start":{"line":44,"column":8},"end":{"line":50,"column":9}},"23":{"start":{"line":45,"column":16},"end":{"line":45,"column":71}},"24":{"start":{"line":46,"column":16},"end":{"line":46,"column":92}},"25":{"start":{"line":47,"column":10},"end":{"line":47,"column":33}},"26":{"start":{"line":48,"column":10},"end":{"line":48,"column":36}},"27":{"start":{"line":49,"column":10},"end":{"line":49,"column":43}},"28":{"start":{"line":52,"column":8},"end":{"line":58,"column":9}},"29":{"start":{"line":53,"column":10},"end":{"line":53,"column":31}},"30":{"start":{"line":54,"column":10},"end":{"line":56,"column":11}},"31":{"start":{"line":55,"column":12},"end":{"line":55,"column":50}},"32":{"start":{"line":57,"column":10},"end":{"line":57,"column":44}},"33":{"start":{"line":60,"column":8},"end":{"line":60,"column":22}},"34":{"start":{"line":62,"column":8},"end":{"line":62,"column":56}},"35":{"start":{"line":63,"column":14},"end":{"line":66,"column":59}},"36":{"start":{"line":68,"column":8},"end":{"line":68,"column":31}},"37":{"start":{"line":69,"column":8},"end":{"line":69,"column":34}},"38":{"start":{"line":70,"column":8},"end":{"line":70,"column":41}},"39":{"start":{"line":71,"column":8},"end":{"line":71,"column":39}},"40":{"start":{"line":73,"column":8},"end":{"line":73,"column":28}},"41":{"start":{"line":74,"column":8},"end":{"line":74,"column":32}},"42":{"start":{"line":80,"column":2},"end":{"line":85,"column":4}},"43":{"start":{"line":16,"column":13},"end":{"line":16,"column":29}},"44":{"start":{"line":88,"column":0},"end":{"line":88,"column":29}}},"fnMap":{"0":{"name":"(anonymous_13)","decl":{"start":{"line":16,"column":29},"end":{"line":16,"column":null}},"loc":{"start":{"line":24,"column":3},"end":{"line":86,"column":1}}},"1":{"name":"(anonymous_14)","decl":{"start":{"line":31,"column":4},"end":{"line":31,"column":11}},"loc":{"start":{"line":31,"column":24},"end":{"line":76,"column":null}}},"2":{"name":"(anonymous_15)","decl":{"start":{"line":31,"column":24},"end":{"line":31,"column":null}},"loc":{"start":{"line":31,"column":24},"end":{"line":76,"column":null}}}},"branchMap":{"0":{"loc":{"start":{"line":38,"column":8},"end":{"line":42,"column":9}},"type":"if","locations":[{"start":{"line":38,"column":8},"end":{"line":42,"column":9}},{"start":{},"end":{}}]},"1":{"loc":{"start":{"line":41,"column":10},"end":{"line":41,"column":42}},"type":"cond-expr","locations":[{"start":{"line":41,"column":26},"end":{"line":41,"column":29}},{"start":{"line":41,"column":26},"end":{"line":41,"column":42}}]},"2":{"loc":{"start":{"line":41,"column":10},"end":{"line":41,"column":29}},"type":"binary-expr","locations":[{"start":{"line":41,"column":10},"end":{"line":41,"column":29}},{"start":{"line":41,"column":26},"end":{"line":41,"column":29}}]},"3":{"loc":{"start":{"line":41,"column":10},"end":{"line":41,"column":26}},"type":"cond-expr","locations":[{"start":{"line":41,"column":17},"end":{"line":41,"column":19}},{"start":{"line":41,"column":10},"end":{"line":41,"column":26}}]},"4":{"loc":{"start":{"line":41,"column":10},"end":{"line":41,"column":19}},"type":"binary-expr","locations":[{"start":{"line":41,"column":10},"end":{"line":41,"column":19}},{"start":{"line":41,"column":10},"end":{"line":41,"column":19}}]},"5":{"loc":{"start":{"line":44,"column":8},"end":{"line":50,"column":9}},"type":"if","locations":[{"start":{"line":44,"column":8},"end":{"line":50,"column":9}},{"start":{},"end":{}}]},"6":{"loc":{"start":{"line":46,"column":31},"end":{"line":46,"column":91}},"type":"cond-expr","locations":[{"start":{"line":46,"column":56},"end":{"line":46,"column":70}},{"start":{"line":46,"column":73},"end":{"line":46,"column":91}}]},"7":{"loc":{"start":{"line":49,"column":10},"end":{"line":49,"column":42}},"type":"cond-expr","locations":[{"start":{"line":49,"column":26},"end":{"line":49,"column":29}},{"start":{"line":49,"column":26},"end":{"line":49,"column":42}}]},"8":{"loc":{"start":{"line":49,"column":10},"end":{"line":49,"column":29}},"type":"binary-expr","locations":[{"start":{"line":49,"column":10},"end":{"line":49,"column":29}},{"start":{"line":49,"column":26},"end":{"line":49,"column":29}}]},"9":{"loc":{"start":{"line":49,"column":10},"end":{"line":49,"column":26}},"type":"cond-expr","locations":[{"start":{"line":49,"column":17},"end":{"line":49,"column":19}},{"start":{"line":49,"column":10},"end":{"line":49,"column":26}}]},"10":{"loc":{"start":{"line":49,"column":10},"end":{"line":49,"column":19}},"type":"binary-expr","locations":[{"start":{"line":49,"column":10},"end":{"line":49,"column":19}},{"start":{"line":49,"column":10},"end":{"line":49,"column":19}}]},"11":{"loc":{"start":{"line":52,"column":8},"end":{"line":58,"column":9}},"type":"if","locations":[{"start":{"line":52,"column":8},"end":{"line":58,"column":9}},{"start":{},"end":{}}]},"12":{"loc":{"start":{"line":54,"column":10},"end":{"line":56,"column":11}},"type":"if","locations":[{"start":{"line":54,"column":10},"end":{"line":56,"column":11}},{"start":{},"end":{}}]},"13":{"loc":{"start":{"line":54,"column":14},"end":{"line":54,"column":37}},"type":"cond-expr","locations":[{"start":{"line":54,"column":21},"end":{"line":54,"column":23}},{"start":{"line":54,"column":14},"end":{"line":54,"column":37}}]},"14":{"loc":{"start":{"line":54,"column":14},"end":{"line":54,"column":23}},"type":"binary-expr","locations":[{"start":{"line":54,"column":14},"end":{"line":54,"column":23}},{"start":{"line":54,"column":14},"end":{"line":54,"column":23}}]},"15":{"loc":{"start":{"line":57,"column":10},"end":{"line":57,"column":43}},"type":"cond-expr","locations":[{"start":{"line":57,"column":28},"end":{"line":57,"column":31}},{"start":{"line":57,"column":28},"end":{"line":57,"column":43}}]},"16":{"loc":{"start":{"line":57,"column":10},"end":{"line":57,"column":31}},"type":"binary-expr","locations":[{"start":{"line":57,"column":10},"end":{"line":57,"column":31}},{"start":{"line":57,"column":28},"end":{"line":57,"column":31}}]},"17":{"loc":{"start":{"line":57,"column":10},"end":{"line":57,"column":28}},"type":"cond-expr","locations":[{"start":{"line":57,"column":17},"end":{"line":57,"column":19}},{"start":{"line":57,"column":10},"end":{"line":57,"column":28}}]},"18":{"loc":{"start":{"line":57,"column":10},"end":{"line":57,"column":19}},"type":"binary-expr","locations":[{"start":{"line":57,"column":10},"end":{"line":57,"column":19}},{"start":{"line":57,"column":10},"end":{"line":57,"column":19}}]},"19":{"loc":{"start":{"line":64,"column":10},"end":{"line":66,"column":58}},"type":"cond-expr","locations":[{"start":{"line":65,"column":14},"end":{"line":65,"column":27}},{"start":{"line":66,"column":14},"end":{"line":66,"column":58}}]},"20":{"loc":{"start":{"line":66,"column":14},"end":{"line":66,"column":58}},"type":"binary-expr","locations":[{"start":{"line":66,"column":14},"end":{"line":66,"column":35}},{"start":{"line":66,"column":39},"end":{"line":66,"column":58}}]},"21":{"loc":{"start":{"line":66,"column":14},"end":{"line":66,"column":35}},"type":"cond-expr","locations":[{"start":{"line":66,"column":21},"end":{"line":66,"column":23}},{"start":{"line":66,"column":14},"end":{"line":66,"column":35}}]},"22":{"loc":{"start":{"line":66,"column":14},"end":{"line":66,"column":23}},"type":"binary-expr","locations":[{"start":{"line":66,"column":14},"end":{"line":66,"column":23}},{"start":{"line":66,"column":14},"end":{"line":66,"column":23}}]},"23":{"loc":{"start":{"line":70,"column":8},"end":{"line":70,"column":40}},"type":"cond-expr","locations":[{"start":{"line":70,"column":24},"end":{"line":70,"column":27}},{"start":{"line":70,"column":24},"end":{"line":70,"column":40}}]},"24":{"loc":{"start":{"line":70,"column":8},"end":{"line":70,"column":27}},"type":"binary-expr","locations":[{"start":{"line":70,"column":8},"end":{"line":70,"column":27}},{"start":{"line":70,"column":24},"end":{"line":70,"column":27}}]},"25":{"loc":{"start":{"line":70,"column":8},"end":{"line":70,"column":24}},"type":"cond-expr","locations":[{"start":{"line":70,"column":15},"end":{"line":70,"column":17}},{"start":{"line":70,"column":8},"end":{"line":70,"column":24}}]},"26":{"loc":{"start":{"line":70,"column":8},"end":{"line":70,"column":17}},"type":"binary-expr","locations":[{"start":{"line":70,"column":8},"end":{"line":70,"column":17}},{"start":{"line":70,"column":8},"end":{"line":70,"column":17}}]},"27":{"loc":{"start":{"line":74,"column":8},"end":{"line":74,"column":31}},"type":"cond-expr","locations":[{"start":{"line":74,"column":27},"end":{"line":74,"column":31}},{"start":{"line":74,"column":27},"end":{"line":74,"column":31}}]},"28":{"loc":{"start":{"line":74,"column":8},"end":{"line":74,"column":31}},"type":"binary-expr","locations":[{"start":{"line":74,"column":8},"end":{"line":74,"column":31}},{"start":{"line":74,"column":27},"end":{"line":74,"column":31}}]},"29":{"loc":{"start":{"line":74,"column":8},"end":{"line":74,"column":27}},"type":"cond-expr","locations":[{"start":{"line":74,"column":15},"end":{"line":74,"column":17}},{"start":{"line":74,"column":8},"end":{"line":74,"column":27}}]},"30":{"loc":{"start":{"line":74,"column":8},"end":{"line":74,"column":17}},"type":"binary-expr","locations":[{"start":{"line":74,"column":8},"end":{"line":74,"column":17}},{"start":{"line":74,"column":8},"end":{"line":74,"column":17}}]}},"s":{"0":0,"1":0,"2":0,"3":0,"4":0,"5":0,"6":0,"7":0,"8":0,"9":0,"10":0,"11":0,"12":0,"13":0,"14":0,"15":0,"16":0,"17":0,"18":0,"19":0,"20":0,"21":0,"22":0,"23":0,"24":0,"25":0,"26":0,"27":0,"28":0,"29":0,"30":0,"31":0,"32":0,"33":0,"34":0,"35":0,"36":0,"37":0,"38":0,"39":0,"40":0,"41":0,"42":0,"43":0,"44":0},"f":{"0":0,"1":0,"2":0},"b":{"0":[0,0],"1":[0,0],"2":[0,0],"3":[0,0],"4":[0,0],"5":[0,0],"6":[0,0],"7":[0,0],"8":[0,0],"9":[0,0],"10":[0,0],"11":[0,0],"12":[0,0],"13":[0,0],"14":[0,0],"15":[0,0],"16":[0,0],"17":[0,0],"18":[0,0],"19":[0,0],"20":[0,0],"21":[0,0],"22":[0,0],"23":[0,0],"24":[0,0],"25":[0,0],"26":[0,0],"27":[0,0],"28":[0,0],"29":[0,0],"30":[0,0]}},"C:\\Users\\Gustavo\\Downloads\\aprovaJa-main\\frontend\\lib\\logger.ts":{"path":"C:\\Users\\Gustavo\\Downloads\\aprovaJa-main\\frontend\\lib\\logger.ts","statementMap":{"0":{"start":{"line":10,"column":0},"end":{"line":10,"column":null}},"1":{"start":{"line":15,"column":4},"end":{"line":15,"column":64}},"2":{"start":{"line":18,"column":16},"end":{"line":23,"column":null}},"3":{"start":{"line":19,"column":4},"end":{"line":21,"column":5}},"4":{"start":{"line":20,"column":6},"end":{"line":20,"column":37}},"5":{"start":{"line":22,"column":4},"end":{"line":22,"column":27}},"6":{"start":{"line":25,"column":10},"end":{"line":36,"column":null}},"7":{"start":{"line":30,"column":4},"end":{"line":35,"column":6}},"8":{"start":{"line":38,"column":10},"end":{"line":68,"column":null}},"9":{"start":{"line":43,"column":18},"end":{"line":43,"column":61}},"10":{"start":{"line":45,"column":4},"end":{"line":67,"column":5}},"11":{"start":{"line":47,"column":21},"end":{"line":53,"column":8}},"12":{"start":{"line":56,"column":6},"end":{"line":58,"column":8}},"13":{"start":{"line":59,"column":6},"end":{"line":62,"column":7}},"14":{"start":{"line":61,"column":8},"end":{"line":61,"column":71}},"15":{"start":{"line":66,"column":6},"end":{"line":66,"column":39}},"16":{"start":{"line":70,"column":10},"end":{"line":83,"column":null}},"17":{"start":{"line":73,"column":4},"end":{"line":82,"column":5}},"18":{"start":{"line":75,"column":6},"end":{"line":81,"column":9}},"19":{"start":{"line":85,"column":9},"end":{"line":87,"column":null}},"20":{"start":{"line":86,"column":4},"end":{"line":86,"column":40}},"21":{"start":{"line":89,"column":9},"end":{"line":91,"column":null}},"22":{"start":{"line":90,"column":4},"end":{"line":90,"column":39}},"23":{"start":{"line":93,"column":9},"end":{"line":95,"column":null}},"24":{"start":{"line":94,"column":4},"end":{"line":94,"column":39}},"25":{"start":{"line":97,"column":9},"end":{"line":99,"column":null}},"26":{"start":{"line":98,"column":4},"end":{"line":98,"column":40}},"27":{"start":{"line":100,"column":0},"end":{"line":100,"column":null}},"28":{"start":{"line":102,"column":13},"end":{"line":102,"column":43}}},"fnMap":{"0":{"name":"(anonymous_0)","decl":{"start":{"line":10,"column":0},"end":{"line":10,"column":null}},"loc":{"start":{"line":10,"column":0},"end":{"line":100,"column":1}}},"1":{"name":"Logger","decl":{"start":{"line":14,"column":2},"end":{"line":14,"column":null}},"loc":{"start":{"line":14,"column":2},"end":{"line":16,"column":3}}},"2":{"name":"(anonymous_2)","decl":{"start":{"line":18,"column":2},"end":{"line":18,"column":16}},"loc":{"start":{"line":18,"column":2},"end":{"line":23,"column":3}}},"3":{"name":"(anonymous_3)","decl":{"start":{"line":25,"column":2},"end":{"line":25,"column":10}},"loc":{"start":{"line":28,"column":37},"end":{"line":36,"column":3}}},"4":{"name":"(anonymous_4)","decl":{"start":{"line":38,"column":2},"end":{"line":38,"column":10}},"loc":{"start":{"line":41,"column":37},"end":{"line":68,"column":3}}},"5":{"name":"(anonymous_5)","decl":{"start":{"line":70,"column":2},"end":{"line":70,"column":10}},"loc":{"start":{"line":70,"column":46},"end":{"line":83,"column":3}}},"6":{"name":"(anonymous_6)","decl":{"start":{"line":79,"column":15},"end":{"line":79,"column":null}},"loc":{"start":{"line":79,"column":15},"end":{"line":81,"column":7}}},"7":{"name":"(anonymous_7)","decl":{"start":{"line":85,"column":2},"end":{"line":85,"column":9}},"loc":{"start":{"line":85,"column":65},"end":{"line":87,"column":3}}},"8":{"name":"(anonymous_8)","decl":{"start":{"line":89,"column":2},"end":{"line":89,"column":9}},"loc":{"start":{"line":89,"column":64},"end":{"line":91,"column":3}}},"9":{"name":"(anonymous_9)","decl":{"start":{"line":93,"column":2},"end":{"line":93,"column":9}},"loc":{"start":{"line":93,"column":64},"end":{"line":95,"column":3}}},"10":{"name":"(anonymous_10)","decl":{"start":{"line":97,"column":2},"end":{"line":97,"column":9}},"loc":{"start":{"line":97,"column":65},"end":{"line":99,"column":3}}}},"branchMap":{"0":{"loc":{"start":{"line":19,"column":4},"end":{"line":21,"column":5}},"type":"if","locations":[{"start":{"line":19,"column":4},"end":{"line":21,"column":5}},{"start":{},"end":{}}]},"1":{"loc":{"start":{"line":45,"column":4},"end":{"line":67,"column":5}},"type":"if","locations":[{"start":{"line":45,"column":4},"end":{"line":67,"column":5}},{"start":{"line":63,"column":11},"end":{"line":67,"column":5}}]},"2":{"loc":{"start":{"line":59,"column":6},"end":{"line":62,"column":7}},"type":"if","locations":[{"start":{"line":59,"column":6},"end":{"line":62,"column":7}},{"start":{},"end":{}}]},"3":{"loc":{"start":{"line":73,"column":4},"end":{"line":82,"column":5}},"type":"if","locations":[{"start":{"line":73,"column":4},"end":{"line":82,"column":5}},{"start":{},"end":{}}]}},"s":{"0":0,"1":0,"2":0,"3":0,"4":0,"5":0,"6":0,"7":0,"8":0,"9":0,"10":0,"11":0,"12":0,"13":0,"14":0,"15":0,"16":0,"17":0,"18":0,"19":0,"20":0,"21":0,"22":0,"23":0,"24":0,"25":0,"26":0,"27":0,"28":0},"f":{"0":0,"1":0,"2":0,"3":0,"4":0,"5":0,"6":0,"7":0,"8":0,"9":0,"10":0},"b":{"0":[0,0],"1":[0,0],"2":[0,0],"3":[0,0]}},"C:\\Users\\Gustavo\\Downloads\\aprovaJa-main\\frontend\\lib\\rate-limiter.ts":{"path":"C:\\Users\\Gustavo\\Downloads\\aprovaJa-main\\frontend\\lib\\rate-limiter.ts","statementMap":{"0":{"start":{"line":1,"column":0},"end":{"line":1,"column":13}},"1":{"start":{"line":2,"column":10},"end":{"line":2,"column":95}},"2":{"start":{"line":4,"column":2},"end":{"line":43,"column":null}},"3":{"start":{"line":4,"column":25},"end":{"line":4,"column":50}},"4":{"start":{"line":4,"column":50},"end":{"line":4,"column":null}},"5":{"start":{"line":5,"column":16},"end":{"line":5,"column":26}},"6":{"start":{"line":6,"column":20},"end":{"line":6,"column":42}},"7":{"start":{"line":9,"column":4},"end":{"line":16,"column":5}},"8":{"start":{"line":10,"column":6},"end":{"line":14,"column":9}},"9":{"start":{"line":15,"column":6},"end":{"line":15,"column":18}},"10":{"start":{"line":19,"column":4},"end":{"line":30,"column":5}},"11":{"start":{"line":20,"column":6},"end":{"line":28,"column":7}},"12":{"start":{"line":22,"column":8},"end":{"line":26,"column":11}},"13":{"start":{"line":27,"column":8},"end":{"line":27,"column":20}},"14":{"start":{"line":29,"column":6},"end":{"line":29,"column":19}},"15":{"start":{"line":33,"column":4},"end":{"line":33,"column":20}},"16":{"start":{"line":36,"column":4},"end":{"line":40,"column":5}},"17":{"start":{"line":37,"column":6},"end":{"line":37,"column":29}},"18":{"start":{"line":38,"column":6},"end":{"line":38,"column":41}},"19":{"start":{"line":39,"column":6},"end":{"line":39,"column":19}},"20":{"start":{"line":42,"column":4},"end":{"line":42,"column":16}},"21":{"start":{"line":45,"column":2},"end":{"line":52,"column":null}},"22":{"start":{"line":46,"column":20},"end":{"line":46,"column":42}},"23":{"start":{"line":47,"column":4},"end":{"line":47,"column":27}},"24":{"start":{"line":47,"column":18},"end":{"line":47,"column":27}},"25":{"start":{"line":49,"column":4},"end":{"line":49,"column":34}},"26":{"start":{"line":49,"column":25},"end":{"line":49,"column":34}},"27":{"start":{"line":51,"column":4},"end":{"line":51,"column":42}},"28":{"start":{"line":54,"column":2},"end":{"line":60,"column":null}},"29":{"start":{"line":55,"column":20},"end":{"line":55,"column":42}},"30":{"start":{"line":56,"column":4},"end":{"line":56,"column":27}},"31":{"start":{"line":56,"column":18},"end":{"line":56,"column":27}},"32":{"start":{"line":58,"column":16},"end":{"line":58,"column":26}},"33":{"start":{"line":59,"column":4},"end":{"line":59,"column":48}},"34":{"start":{"line":62,"column":2},"end":{"line":64,"column":null}},"35":{"start":{"line":63,"column":4},"end":{"line":63,"column":30}},"36":{"start":{"line":67,"column":2},"end":{"line":74,"column":null}},"37":{"start":{"line":68,"column":16},"end":{"line":68,"column":26}},"38":{"start":{"line":69,"column":4},"end":{"line":73,"column":5}},"39":{"start":{"line":69,"column":33},"end":{"line":69,"column":37}},"40":{"start":{"line":69,"column":33},"end":{"line":69,"column":56}},"41":{"start":{"line":69,"column":15},"end":{"line":69,"column":16}},"42":{"start":{"line":69,"column":19},"end":{"line":69,"column":21}},"43":{"start":{"line":69,"column":28},"end":{"line":69,"column":29}},"44":{"start":{"line":70,"column":6},"end":{"line":72,"column":7}},"45":{"start":{"line":71,"column":8},"end":{"line":71,"column":34}},"46":{"start":{"line":75,"column":0},"end":{"line":75,"column":null}},"47":{"start":{"line":1,"column":13},"end":{"line":1,"column":24}},"48":{"start":{"line":78,"column":13},"end":{"line":78,"column":45}},"49":{"start":{"line":81,"column":0},"end":{"line":85,"column":1}},"50":{"start":{"line":82,"column":2},"end":{"line":84,"column":21}},"51":{"start":{"line":83,"column":4},"end":{"line":83,"column":26}}},"fnMap":{"0":{"name":"(anonymous_0)","decl":{"start":{"line":1,"column":0},"end":{"line":1,"column":13}},"loc":{"start":{"line":1,"column":0},"end":{"line":75,"column":1}}},"1":{"name":"(anonymous_2)","decl":{"start":{"line":4,"column":2},"end":{"line":4,"column":11}},"loc":{"start":{"line":4,"column":83},"end":{"line":43,"column":3}}},"2":{"name":"(anonymous_3)","decl":{"start":{"line":45,"column":2},"end":{"line":45,"column":22}},"loc":{"start":{"line":45,"column":34},"end":{"line":52,"column":3}}},"3":{"name":"(anonymous_4)","decl":{"start":{"line":54,"column":2},"end":{"line":54,"column":19}},"loc":{"start":{"line":54,"column":31},"end":{"line":60,"column":3}}},"4":{"name":"(anonymous_5)","decl":{"start":{"line":62,"column":2},"end":{"line":62,"column":7}},"loc":{"start":{"line":62,"column":19},"end":{"line":64,"column":3}}},"5":{"name":"(anonymous_6)","decl":{"start":{"line":67,"column":2},"end":{"line":67,"column":9}},"loc":{"start":{"line":67,"column":2},"end":{"line":74,"column":3}}},"6":{"name":"(anonymous_7)","decl":{"start":{"line":82,"column":14},"end":{"line":82,"column":null}},"loc":{"start":{"line":82,"column":14},"end":{"line":84,"column":3}}}},"branchMap":{"0":{"loc":{"start":{"line":4,"column":25},"end":{"line":4,"column":50}},"type":"if","locations":[{"start":{"line":4,"column":25},"end":{"line":4,"column":50}},{"start":{},"end":{}}]},"1":{"loc":{"start":{"line":4,"column":50},"end":{"line":4,"column":null}},"type":"if","locations":[{"start":{"line":4,"column":50},"end":{"line":4,"column":null}},{"start":{},"end":{}}]},"2":{"loc":{"start":{"line":9,"column":4},"end":{"line":16,"column":5}},"type":"if","locations":[{"start":{"line":9,"column":4},"end":{"line":16,"column":5}},{"start":{},"end":{}}]},"3":{"loc":{"start":{"line":9,"column":8},"end":{"line":9,"column":43}},"type":"binary-expr","locations":[{"start":{"line":9,"column":8},"end":{"line":9,"column":16}},{"start":{"line":9,"column":20},"end":{"line":9,"column":43}}]},"4":{"loc":{"start":{"line":19,"column":4},"end":{"line":30,"column":5}},"type":"if","locations":[{"start":{"line":19,"column":4},"end":{"line":30,"column":5}},{"start":{},"end":{}}]},"5":{"loc":{"start":{"line":20,"column":6},"end":{"line":28,"column":7}},"type":"if","locations":[{"start":{"line":20,"column":6},"end":{"line":28,"column":7}},{"start":{},"end":{}}]},"6":{"loc":{"start":{"line":36,"column":4},"end":{"line":40,"column":5}},"type":"if","locations":[{"start":{"line":36,"column":4},"end":{"line":40,"column":5}},{"start":{},"end":{}}]},"7":{"loc":{"start":{"line":47,"column":4},"end":{"line":47,"column":27}},"type":"if","locations":[{"start":{"line":47,"column":4},"end":{"line":47,"column":27}},{"start":{},"end":{}}]},"8":{"loc":{"start":{"line":49,"column":4},"end":{"line":49,"column":34}},"type":"if","locations":[{"start":{"line":49,"column":4},"end":{"line":49,"column":34}},{"start":{},"end":{}}]},"9":{"loc":{"start":{"line":56,"column":4},"end":{"line":56,"column":27}},"type":"if","locations":[{"start":{"line":56,"column":4},"end":{"line":56,"column":27}},{"start":{},"end":{}}]},"10":{"loc":{"start":{"line":70,"column":6},"end":{"line":72,"column":7}},"type":"if","locations":[{"start":{"line":70,"column":6},"end":{"line":72,"column":7}},{"start":{},"end":{}}]},"11":{"loc":{"start":{"line":81,"column":0},"end":{"line":85,"column":1}},"type":"if","locations":[{"start":{"line":81,"column":0},"end":{"line":85,"column":1}},{"start":{},"end":{}}]}},"s":{"0":0,"1":0,"2":0,"3":0,"4":0,"5":0,"6":0,"7":0,"8":0,"9":0,"10":0,"11":0,"12":0,"13":0,"14":0,"15":0,"16":0,"17":0,"18":0,"19":0,"20":0,"21":0,"22":0,"23":0,"24":0,"25":0,"26":0,"27":0,"28":0,"29":0,"30":0,"31":0,"32":0,"33":0,"34":0,"35":0,"36":0,"37":0,"38":0,"39":0,"40":0,"41":0,"42":0,"43":0,"44":0,"45":0,"46":0,"47":0,"48":0,"49":0,"50":0,"51":0},"f":{"0":0,"1":0,"2":0,"3":0,"4":0,"5":0,"6":0},"b":{"0":[0,0],"1":[0,0],"2":[0,0],"3":[0,0],"4":[0,0],"5":[0,0],"6":[0,0],"7":[0,0],"8":[0,0],"9":[0,0],"10":[0,0],"11":[0,0]}},"C:\\Users\\Gustavo\\Downloads\\aprovaJa-main\\frontend\\lib\\error-utils.ts":{"path":"C:\\Users\\Gustavo\\Downloads\\aprovaJa-main\\frontend\\lib\\error-utils.ts","statementMap":{"0":{"start":{"line":72,"column":0},"end":{"line":72,"column":16}},"1":{"start":{"line":82,"column":0},"end":{"line":82,"column":16}},"2":{"start":{"line":91,"column":0},"end":{"line":91,"column":16}},"3":{"start":{"line":99,"column":0},"end":{"line":99,"column":16}},"4":{"start":{"line":107,"column":0},"end":{"line":107,"column":16}},"5":{"start":{"line":118,"column":0},"end":{"line":118,"column":16}},"6":{"start":{"line":126,"column":0},"end":{"line":126,"column":16}},"7":{"start":{"line":134,"column":0},"end":{"line":134,"column":16}},"8":{"start":{"line":176,"column":0},"end":{"line":176,"column":16}},"9":{"start":{"line":212,"column":0},"end":{"line":212,"column":16}},"10":{"start":{"line":246,"column":0},"end":{"line":246,"column":22}},"11":{"start":{"line":266,"column":0},"end":{"line":266,"column":16}},"12":{"start":{"line":1,"column":0},"end":{"line":1,"column":38}},"13":{"start":{"line":4,"column":0},"end":{"line":4,"column":null}},"14":{"start":{"line":4,"column":30},"end":{"line":4,"column":35}},"15":{"start":{"line":8,"column":11},"end":{"line":8,"column":null}},"16":{"start":{"line":10,"column":11},"end":{"line":10,"column":null}},"17":{"start":{"line":12,"column":4},"end":{"line":12,"column":19}},"18":{"start":{"line":7,"column":11},"end":{"line":7,"column":24}},"19":{"start":{"line":8,"column":11},"end":{"line":8,"column":31}},"20":{"start":{"line":9,"column":11},"end":{"line":9,"column":44}},"21":{"start":{"line":10,"column":11},"end":{"line":10,"column":40}},"22":{"start":{"line":13,"column":4},"end":{"line":13,"column":27}},"23":{"start":{"line":15,"column":0},"end":{"line":15,"column":null}},"24":{"start":{"line":4,"column":13},"end":{"line":4,"column":21}},"25":{"start":{"line":18,"column":13},"end":{"line":28,"column":11}},"26":{"start":{"line":31,"column":13},"end":{"line":69,"column":11}},"27":{"start":{"line":74,"column":2},"end":{"line":74,"column":null}},"28":{"start":{"line":75,"column":2},"end":{"line":75,"column":null}},"29":{"start":{"line":78,"column":2},"end":{"line":78,"column":66}},"30":{"start":{"line":87,"column":2},"end":{"line":87,"column":75}},"31":{"start":{"line":95,"column":2},"end":
[...]
d":{"line":197,"column":7}},"64":{"start":{"line":199,"column":4},"end":{"line":204,"column":7}},"65":{"start":{"line":206,"column":4},"end":{"line":208,"column":7}},"66":{"start":{"line":209,"column":4},"end":{"line":212,"column":6}},"67":{"start":{"line":222,"column":21},"end":{"line":222,"column":null}},"68":{"start":{"line":222,"column":10},"end":{"line":222,"column":null}},"69":{"start":{"line":227,"column":8},"end":{"line":227,"column":null}},"70":{"start":{"line":226,"column":14},"end":{"line":226,"column":null}},"71":{"start":{"line":229,"column":4},"end":{"line":231,"column":5}},"72":{"start":{"line":230,"column":6},"end":{"line":230,"column":77}},"73":{"start":{"line":234,"column":17},"end":{"line":234,"column":null}},"74":{"start":{"line":234,"column":10},"end":{"line":234,"column":null}},"75":{"start":{"line":235,"column":12},"end":{"line":235,"column":28}},"76":{"start":{"line":237,"column":4},"end":{"line":242,"column":5}},"77":{"start":{"line":238,"column":6},"end":{"line":241,"column":8}},"78":{"start":{"line":245,"column":53},"end":{"line":250,"column":null}},"79":{"start":{"line":245,"column":10},"end":{"line":245,"column":53}},"80":{"start":{"line":252,"column":4},"end":{"line":257,"column":5}},"81":{"start":{"line":253,"column":6},"end":{"line":256,"column":8}},"82":{"start":{"line":260,"column":61},"end":{"line":265,"column":null}},"83":{"start":{"line":260,"column":10},"end":{"line":260,"column":61}},"84":{"start":{"line":267,"column":4},"end":{"line":272,"column":5}},"85":{"start":{"line":268,"column":6},"end":{"line":271,"column":8}},"86":{"start":{"line":275,"column":10},"end":{"line":275,"column":27}},"87":{"start":{"line":276,"column":10},"end":{"line":276,"column":74}},"88":{"start":{"line":278,"column":4},"end":{"line":288,"column":5}},"89":{"start":{"line":279,"column":12},"end":{"line":281,"column":8}},"90":{"start":{"line":283,"column":6},"end":{"line":287,"column":26}},"91":{"start":{"line":291,"column":10},"end":{"line":291,"column":87}},"92":{"start":{"line":294,"column":60},"end":{"line":303,"column":null}},"93":{"start":{"line":294,"column":10},"end":{"line":294,"column":60}},"94":{"start":{"line":305,"column":4},"end":{"line":314,"column":5}},"95":{"start":{"line":306,"column":6},"end":{"line":309,"column":9}},"96":{"start":{"line":310,"column":6},"end":{"line":313,"column":8}},"97":{"start":{"line":317,"column":4},"end":{"line":322,"column":7}},"98":{"start":{"line":324,"column":4},"end":{"line":329,"column":7}},"99":{"start":{"line":331,"column":4},"end":{"line":333,"column":7}},"100":{"start":{"line":334,"column":4},"end":{"line":337,"column":6}}},"fnMap":{"0":{"name":"GET","decl":{"start":{"line":9,"column":22},"end":{"line":9,"column":25}},"loc":{"start":{"line":9,"column":43},"end":{"line":66,"column":null}}},"1":{"name":"POST","decl":{"start":{"line":72,"column":22},"end":{"line":72,"column":26}},"loc":{"start":{"line":72,"column":43},"end":{"line":214,"column":null}}},"2":{"name":"PUT","decl":{"start":{"line":220,"column":22},"end":{"line":220,"column":25}},"loc":{"start":{"line":220,"column":42},"end":{"line":339,"column":null}}}},"branchMap":{"0":{"loc":{"start":{"line":18,"column":4},"end":{"line":20,"column":5}},"type":"if","locations":[{"start":{"line":18,"column":4},"end":{"line":20,"column":5}},{"start":{},"end":{}}]},"1":{"loc":{"start":{"line":30,"column":4},"end":{"line":44,"column":5}},"type":"if","locations":[{"start":{"line":30,"column":4},"end":{"line":44,"column":5}},{"start":{},"end":{}}]},"2":{"loc":{"start":{"line":31,"column":6},"end":{"line":34,"column":7}},"type":"if","locations":[{"start":{"line":31,"column":6},"end":{"line":34,"column":7}},{"start":{},"end":{}}]},"3":{"loc":{"start":{"line":59,"column":13},"end":{"line":59,"column":67}},"type":"cond-expr","locations":[{"start":{"line":59,"column":38},"end":{"line":59,"column":51}},{"start":{"line":59,"column":54},"end":{"line":59,"column":67}}]},"4":{"loc":{"start":{"line":169,"column":56},"end":{"line":178,"column":null}},"type":"switch","locations":[{"start":{"line":169,"column":56},"end":{"line":178,"column":null}}]},"5":{"loc":{"start":{"line":81,"column":4},"end":{"line":83,"column":5}},"type":"if","locations":[{"start":{"line":81,"column":4},"end":{"line":83,"column":5}},{"start":{},"end":{}}]},"6":{"loc":{"start":{"line":89,"column":4},"end":{"line":94,"column":5}},"type":"if","locations":[{"start":{"line":89,"column":4},"end":{"line":94,"column":5}},{"start":{},"end":{}}]},"7":{"loc":{"start":{"line":104,"column":4},"end":{"line":109,"column":5}},"type":"if","locations":[{"start":{"line":104,"column":4},"end":{"line":109,"column":5}},{"start":{},"end":{}}]},"8":{"loc":{"start":{"line":104,"column":8},"end":{"line":104,"column":34}},"type":"binary-expr","locations":[{"start":{"line":104,"column":8},"end":{"line":104,"column":21}},{"start":{"line":104,"column":25},"end":{"line":104,"column":34}}]},"9":{"loc":{"start":{"line":119,"column":4},"end":{"line":128,"column":5}},"type":"if","locations":[{"start":{"line":119,"column":4},"end":{"line":128,"column":5}},{"start":{},"end":{}}]},"10":{"loc":{"start":{"line":119,"column":8},"end":{"line":119,"column":58}},"type":"binary-expr","locations":[{"start":{"line":119,"column":8},"end":{"line":119,"column":21}},{"start":{"line":119,"column":25},"end":{"line":119,"column":58}}]},"11":{"loc":{"start":{"line":134,"column":8},"end":{"line":134,"column":26}},"type":"if","locations":[{"start":{"line":134,"column":8},"end":{"line":134,"column":26}},{"start":{},"end":{}}]},"12":{"loc":{"start":{"line":138,"column":6},"end":{"line":148,"column":7}},"type":"if","locations":[{"start":{"line":138,"column":6},"end":{"line":148,"column":7}},{"start":{},"end":{}}]},"13":{"loc":{"start":{"line":156,"column":6},"end":{"line":165,"column":7}},"type":"if","locations":[{"start":{"line":156,"column":6},"end":{"line":165,"column":7}},{"start":{},"end":{}}]},"14":{"loc":{"start":{"line":180,"column":4},"end":{"line":190,"column":5}},"type":"if","locations":[{"start":{"line":180,"column":4},"end":{"line":190,"column":5}},{"start":{},"end":{}}]},"15":{"loc":{"start":{"line":207,"column":13},"end":{"line":207,"column":67}},"type":"cond-expr","locations":[{"start":{"line":207,"column":38},"end":{"line":207,"column":51}},{"start":{"line":207,"column":54},"end":{"line":207,"column":67}}]},"16":{"loc":{"start":{"line":229,"column":4},"end":{"line":231,"column":5}},"type":"if","locations":[{"start":{"line":229,"column":4},"end":{"line":231,"column":5}},{"start":{},"end":{}}]},"17":{"loc":{"start":{"line":237,"column":4},"end":{"line":242,"column":5}},"type":"if","locations":[{"start":{"line":237,"column":4},"end":{"line":242,"column":5}},{"start":{},"end":{}}]},"18":{"loc":{"start":{"line":252,"column":4},"end":{"line":257,"column":5}},"type":"if","locations":[{"start":{"line":252,"column":4},"end":{"line":257,"column":5}},{"start":{},"end":{}}]},"19":{"loc":{"start":{"line":252,"column":8},"end":{"line":252,"column":34}},"type":"binary-expr","locations":[{"start":{"line":252,"column":8},"end":{"line":252,"column":21}},{"start":{"line":252,"column":25},"end":{"line":252,"column":34}}]},"20":{"loc":{"start":{"line":267,"column":4},"end":{"line":272,"column":5}},"type":"if","locations":[{"start":{"line":267,"column":4},"end":{"line":272,"column":5}},{"start":{},"end":{}}]},"21":{"loc":{"start":{"line":267,"column":8},"end":{"line":267,"column":42}},"type":"binary-expr","locations":[{"start":{"line":267,"column":8},"end":{"line":267,"column":20}},{"start":{"line":267,"column":24},"end":{"line":267,"column":42}}]},"22":{"loc":{"start":{"line":278,"column":4},"end":{"line":288,"column":5}},"type":"if","locations":[{"start":{"line":278,"column":4},"end":{"line":288,"column":5}},{"start":{},"end":{}}]},"23":{"loc":{"start":{"line":305,"column":4},"end":{"line":314,"column":5}},"type":"if","locations":[{"start":{"line":305,"column":4},"end":{"line":314,"column":5}},{"start":{},"end":{}}]},"24":{"loc":{"start":{"line":332,"column":13},"end":{"line":332,"column":67}},"type":"cond-expr","locations":[{"start":{"line":332,"column":38},"end":{"line":332,"column":51}},{"start":{"line":332,"column":54},"end":{"line":332,"column":67}}]}},"s":{"0":0,"1":0,"2":0,"3":0,"4":0,"5":0,"6":0,"7":0,"8":0,"9":0,"10":0,"11":0,"12":0,"13":0,"14":0,"15":0,"16":0,"17":0,"18":0,"19":0,"20":0,"21":0,"22":0,"23":0,"24":0,"25":0,"26":0,"27":0,"28":0,"29":0,"30":0,"31":0,"32":0,"33":0,"34":0,"35":0,"36":0,"37":0,"38":0,"39":0,"40":0,"41":0,"42":0,"43":0,"44":0,"45":0,"46":0,"47":0,"48":0,"49":0,"50":0,"51":0,"52":0,"53":0,"54":0,"55":0,"56":0,"57":0,"58":0,"59":0,"60":0,"61":0,"62":0,"63":0,"64":0,"65":0,"66":0,"67":0,"68":0,"69":0,"70":0,"71":0,"72":0,"73":0,"74":0,"75":0,"76":0,"77":0,"78":0,"79":0,"80":0,"81":0,"82":0,"83":0,"84":0,"85":0,"86":0,"87":0,"88":0,"89":0,"90":0,"91":0,"92":0,"93":0,"94":0,"95":0,"96":0,"97":0,"98":0,"99":0,"100":0},"f":{"0":0,"1":0,"2":0},"b":{"0":[0,0],"1":[0,0],"2":[0,0],"3":[0,0],"4":[0],"5":[0,0],"6":[0,0],"7":[0,0],"8":[0,0],"9":[0,0],"10":[0,0],"11":[0,0],"12":[0,0],"13":[0,0],"14":[0,0],"15":[0,0],"16":[0,0],"17":[0,0],"18":[0,0],"19":[0,0],"20":[0,0],"21":[0,0],"22":[0,0],"23":[0,0],"24":[0,0]}},"C:\\Users\\Gustavo\\Downloads\\aprovaJa-main\\frontend\\app\\api\\simulados\\[id]\\submit\\route.ts":{"path":"C:\\Users\\Gustavo\\Downloads\\aprovaJa-main\\frontend\\app\\api\\simulados\\[id]\\submit\\route.ts","statementMap":{"0":{"start":{"line":15,"column":0},"end":{"line":15,"column":22}},"1":{"start":{"line":1,"column":0},"end":{"line":1,"column":58}},"2":{"start":{"line":2,"column":0},"end":{"line":2,"column":43}},"3":{"start":{"line":3,"column":0},"end":{"line":3,"column":24}},"4":{"start":{"line":4,"column":0},"end":{"line":4,"column":38}},"5":{"start":{"line":8,"column":29},"end":{"line":13,"column":2}},"6":{"start":{"line":17,"column":10},"end":{"line":17,"column":40}},"7":{"start":{"line":20,"column":19},"end":{"line":20,"column":null}},"8":{"start":{"line":20,"column":12},"end":{"line":20,"column":19}},"9":{"start":{"line":21,"column":21},"end":{"line":21,"column":null}},"10":{"start":{"line":21,"column":10},"end":{"line":21,"column":null}},"11":{"start":{"line":26,"column":8},"end":{"line":26,"column":null}},"12":{"start":{"line":25,"column":14},"end":{"line":25,"column":null}},"13":{"start":{"line":28,"column":4},"end":{"line":30,"column":5}},"14":{"start":{"line":29,"column":6},"end":{"line":29,"column":77}},"15":{"start":{"line":33,"column":17},"end":{"line":33,"column":null}},"16":{"start":{"line":33,"column":10},"end":{"line":33,"column":null}},"17":{"start":{"line":34,"column":10},"end":{"line":34,"column":59}},"18":{"start":{"line":37,"column":53},"end":{"line":42,"column":null}},"19":{"start":{"line":37,"column":10},"end":{"line":37,"column":53}},"20":{"start":{"line":44,"column":4},"end":{"line":49,"column":5}},"21":{"start":{"line":45,"column":6},"end":{"line":48,"column":8}},"22":{"start":{"line":52,"column":53},"end":{"line":57,"column":null}},"23":{"start":{"line":52,"column":10},"end":{"line":52,"column":53}},"24":{"start":{"line":59,"column":4},"end":{"line":64,"column":5}},"25":{"start":{"line":60,"column":6},"end":{"line":63,"column":8}},"26":{"start":{"line":67,"column":4},"end":{"line":72,"column":5}},"27":{"start":{"line":68,"column":6},"end":{"line":71,"column":8}},"28":{"start":{"line":75,"column":8},"end":{"line":75,"column":27}},"29":{"start":{"line":76,"column":10},"end":{"line":91,"column":7}},"30":{"start":{"line":77,"column":25},"end":{"line":77,"column":53}},"31":{"start":{"line":78,"column":24},"end":{"line":78,"column":61}},"32":{"start":{"line":79,"column":6},"end":{"line":79,"column":38}},"33":{"start":{"line":79,"column":21},"end":{"line":79,"column":38}},"34":{"start":{"line":81,"column":6},"end":{"line":90,"column":8}},"35":{"start":{"line":93,"column":10},"end":{"line":93,"column":71}},"36":{"start":{"line":94,"column":10},"end":{"line":94,"column":70}},"37":{"start":{"line":97,"column":39},"end":{"line":102,"column":null}},"38":{"start":{"line":97,"column":18},"end":{"line":97,"column":39}},"39":{"start":{"line":104,"column":8},"end":{"line":104,"column":23}},"40":{"start":{"line":106,"column":8},"end":{"line":106,"column":24}},"41":{"start":{"line":108,"column":30},"end":{"line":118,"column":null}},"42":{"start":{"line":108,"column":12},"end":{"line":108,"column":30}},"43":{"start":{"line":120,"column":6},"end":{"line":120,"column":39}},"44":{"start":{"line":123,"column":30},"end":{"line":134,"column":null}},"45":{"start":{"line":123,"column":12},"end":{"line":123,"column":30}},"46":{"start":{"line":136,"column":6},"end":{"line":136,"column":39}},"47":{"start":{"line":139,"column":4},"end":{"line":145,"column":5}},"48":{"start":{"line":140,"column":6},"end":{"line":140,"column":81}},"49":{"start":{"line":141,"column":6},"end":{"line":144,"column":8}},"50":{"start":{"line":148,"column":4},"end":{"line":148,"column":68}},"51":{"start":{"line":151,"column":4},"end":{"line":161,"column":7}},"52":{"start":{"line":163,"column":4},"end":{"line":174,"column":7}},"53":{"start":{"line":177,"column":4},"end":{"line":179,"column":7}},"54":{"start":{"line":181,"column":4},"end":{"line":186,"column":5}},"55":{"start":{"line":182,"column":6},"end":{"line":185,"column":8}},"56":{"start":{"line":188,"column":4},"end":{"line":191,"column":6}},"57":{"start":{"line":214,"column":10},"end":{"line":230,"column":65}},"58":{"start":{"line":215,"column":6},"end":{"line":215,"column":41}},"59":{"start":{"line":215,"column":30},"end":{"line":215,"column":41}},"60":{"start":{"line":217,"column":6},"end":{"line":222,"column":7}},"61":{"start":{"line":218,"column":8},"end":{"line":221,"column":10}},"62":{"start":{"line":224,"column":6},"end":{"line":224,"column":37}},"63":{"start":{"line":225,"column":6},"end":{"line":227,"column":7}},"64":{"start":{"line":226,"column":8},"end":{"line":226,"column":41}},"65":{"start":{"line":229,"column":6},"end":{"line":229,"column":17}},"66":{"start":{"line":233,"column":70},"end":{"line":233,"column":null}},"67":{"start":{"line":233,"column":38},"end":{"line":233,"column":null}},"68":{"start":{"line":233,"column":15},"end":{"line":233,"column":34}},"69":{"start":{"line":235,"column":37},"end":{"line":240,"column":null}},"70":{"start":{"line":235,"column":20},"end":{"line":235,"column":37}},"71":{"start":{"line":242,"column":10},"end":{"line":242,"column":22}},"72":{"start":{"line":244,"column":14},"end":{"line":244,"column":77}},"73":{"start":{"line":245,"column":14},"end":{"line":245,"column":79}},"74":{"start":{"line":246,"column":14},"end":{"line":246,"column":78}},"75":{"start":{"line":248,"column":8},"end":{"line":257,"column":37}},"76":{"start":{"line":260,"column":14},"end":{"line":260,"column":65}},"77":{"start":{"line":262,"column":8},"end":{"line":272,"column":13}},"78":{"start":{"line":276,"column":4},"end":{"line":278,"column":7}}},"fnMap":{"0":{"name":"POST","decl":{"start":{"line":15,"column":22},"end":{"line":15,"column":26}},"loc":{"start":{"line":15,"column":26},"end":{"line":193,"column":null}}},"1":{"name":"(anonymous_16)","decl":{"start":{"line":76,"column":41},"end":{"line":76,"column":42}},"loc":{"start":{"line":76,"column":56},"end":{"line":91,"column":5}}},"2":{"name":"updateDisciplineStats","decl":{"start":{"line":207,"column":15},"end":{"line":207,"column":36}},"loc":{"start":{"line":210,"column":27},"end":{"line":280,"column":null}}},"3":{"name":"(anonymous_20)","decl":{"start":{"line":214,"column":44},"end":{"line":214,"column":45}},"loc":{"start":{"line":214,"column":56},"end":{"line":230,"column":5}}}},"branchMap":{"0":{"loc":{"start":{"line":123,"column":30},"end":{"line":134,"column":null}},"type":"switch","locations":[{"start":{"line":123,"column":30},"end":{"line":134,"column":null}}]},"1":{"loc":{"start":{"line":28,"column":4},"end":{"line":30,"column":5}},"type":"if","locations":[{"start":{"line":28,"column":4},"end":{"line":30,"column":5}},{"start":{},"end":{}}]},"2":{"loc":{"start":{"line":44,"column":4},"end":{"line":49,"column":5}},"type":"if","locations":[{"start":{"line":44,"column":4},"end":{"line":49,"column":5}},{"start":{},"end":{}}]},"3":{"loc":{"start":{"line":44,"column":8},"end":{"line":44,"column":34}},"type":"binary-expr","locations":[{"start":{"line":44,"column":8},"end":{"line":44,"column":21}},{"start":{"line":44,"column":25},"end":{"line":44,"column":34}}]},"4":{"loc":{"start":{"line":59,"column":4},"end":{"line":64,"column":5}},"type":"if","locations":[{"start":{"line":59,"column":4},"end":{"line":64,"column":5}},{"start":{},"end":{}}]},"5":{"loc":{"start":{"line":59,"column":8},"end":{"line":59,"column":34}},"type":"binary-expr","locations":[{"start":{"line":59,"column":8},"end":{"line":59,"column":21}},{"start":{"line":59,"column":25},"end":{"line":59,"column":34}}]},"6":{"loc":{"start":{"line":67,"column":4},"end":{"line":72,"column":5}},"type":"if","locations":[{"start":{"line":67,"column":4},"end":{"line":72,"column":5}},{"start":{},"end":{}}]},"7":{"loc":{"start":{"line":79,"column":6},"end":{"line":79,"column":38}},"type":"if","locations":[{"start":{"line":79,"column":6},"end":{"line":79,"column":38}},{"start":{},"end":{}}]},"8":{"loc":{"start":{"line":106,"column":8},"end":{"line":106,"column":24}},"type":"if","locations":[{"start":{"line":106,"column":8},"end":{"line":106,"column":24}},{"start":{},"end":{}}]},"9":{"loc":{"start":{"line":139,"column":4},"end":{"line":145,"column":5}},"type":"if","locations":[{"start":{"line":139,"column":4},"end":{"line":145,"column":5}},{"start":{},"end":{}}]},"10":{"loc":{"start":{"line":178,"column":13},"end":{"line":178,"column":67}},"type":"cond-expr","locations":[{"start":{"line":178,"column":38},"end":{"line":178,"column":51}},{"start":{"line":178,"column":54},"end":{"line":178,"column":67}}]},"11":{"loc":{"start":{"line":181,"column":4},"end":{"line":186,"column":5}},"type":"if","locations":[{"start":{"line":181,"column":4},"end":{"line":186,"column":5}},{"start":{},"end":{}}]},"12":{"loc":{"start":{"line":215,"column":6},"end":{"line":215,"column":41}},"type":"if","locations":[{"start":{"line":215,"column":6},"end":{"line":215,"column":41}},{"start":{},"end":{}}]},"13":{"loc":{"start":{"line":217,"column":6},"end":{"line":222,"column":7}},"type":"if","locations":[{"start":{"line":217,"column":6},"end":{"line":222,"column":7}},{"start":{},"end":{}}]},"14":{"loc":{"start":{"line":225,"column":6},"end":{"line":227,"column":7}},"type":"if","locations":[{"start":{"line":225,"column":6},"end":{"line":227,"column":7}},{"start":{},"end":{}}]},"15":{"loc":{"start":{"line":233,"column":38},"end":{"line":233,"column":null}},"type":"if","locations":[{"start":{"line":233,"column":38},"end":{"line":233,"column":null}},{"start":{},"end":{}}]},"16":{"loc":{"start":{"line":242,"column":10},"end":{"line":242,"column":22}},"type":"if","locations":[{"start":{"line":242,"column":10},"end":{"line":242,"column":22}},{"start":{},"end":{}}]},"17":{"loc":{"start":{"line":277,"column":13},"end":{"line":277,"column":67}},"type":"cond-expr","locations":[{"start":{"line":277,"column":38},"end":{"line":277,"column":51}},{"start":{"line":277,"column":54},"end":{"line":277,"column":67}}]}},"s":{"0":0,"1":0,"2":0,"3":0,"4":0,"5":0,"6":0,"7":0,"8":0,"9":0,"10":0,"11":0,"12":0,"13":0,"14":0,"15":0,"16":0,"17":0,"18":0,"19":0,"20":0,"21":0,"22":0,"23":0,"24":0,"25":0,"26":0,"27":0,"28":0,"29":0,"30":0,"31":0,"32":0,"33":0,"34":0,"35":0,"36":0,"37":0,"38":0,"39":0,"40":0,"41":0,"42":0,"43":0,"44":0,"45":0,"46":0,"47":0,"48":0,"49":0,"50":0,"51":0,"52":0,"53":0,"54":0,"55":0,"56":0,"57":0,"58":0,"59":0,"60":0,"61":0,"62":0,"63":0,"64":0,"65":0,"66":0,"67":0,"68":0,"69":0,"70":0,"71":0,"72":0,"73":0,"74":0,"75":0,"76":0,"77":0,"78":0},"f":{"0":0,"1":0,"2":0,"3":0},"b":{"0":[0],"1":[0,0],"2":[0,0],"3":[0,0],"4":[0,0],"5":[0,0],"6":[0,0],"7":[0,0],"8":[0,0],"9":[0,0],"10":[0,0],"11":[0,0],"12":[0,0],"13":[0,0],"14":[0,0],"15":[0,0],"16":[0,0],"17":[0,0]}}}}
